2023-02-08 18:35:49,314 - mmdet - INFO - Environment info:
------------------------------------------------------------
sys.platform: linux
Python: 3.8.16 (default, Jan 17 2023, 23:13:24) [GCC 11.2.0]
CUDA available: True
GPU 0: NVIDIA GeForce RTX 3090
CUDA_HOME: /data/apps/cuda/11.1
NVCC: Cuda compilation tools, release 11.1, V11.1.74
GCC: gcc (GCC) 7.3.0
PyTorch: 1.10.0+cu113
PyTorch compiling details: PyTorch built with:
  - GCC 7.3
  - C++ Version: 201402
  - Intel(R) Math Kernel Library Version 2020.0.0 Product Build 20191122 for Intel(R) 64 architecture applications
  - Intel(R) MKL-DNN v2.2.3 (Git Hash 7336ca9f055cf1bfa13efb658fe15dc9b41f0740)
  - OpenMP 201511 (a.k.a. OpenMP 4.5)
  - LAPACK is enabled (usually provided by MKL)
  - NNPACK is enabled
  - CPU capability usage: AVX2
  - CUDA Runtime 11.3
  - NVCC architecture flags: -gencode;arch=compute_37,code=sm_37;-gencode;arch=compute_50,code=sm_50;-gencode;arch=compute_60,code=sm_60;-gencode;arch=compute_70,code=sm_70;-gencode;arch=compute_75,code=sm_75;-gencode;arch=compute_80,code=sm_80;-gencode;arch=compute_86,code=sm_86
  - CuDNN 8.2
  - Magma 2.5.2
  - Build settings: BLAS_INFO=mkl, BUILD_TYPE=Release, CUDA_VERSION=11.3, CUDNN_VERSION=8.2.0, CXX_COMPILER=/opt/rh/devtoolset-7/root/usr/bin/c++, CXX_FLAGS= -Wno-deprecated -fvisibility-inlines-hidden -DUSE_PTHREADPOOL -fopenmp -DNDEBUG -DUSE_KINETO -DUSE_FBGEMM -DUSE_QNNPACK -DUSE_PYTORCH_QNNPACK -DUSE_XNNPACK -DSYMBOLICATE_MOBILE_DEBUG_HANDLE -DEDGE_PROFILER_USE_KINETO -O2 -fPIC -Wno-narrowing -Wall -Wextra -Werror=return-type -Wno-missing-field-initializers -Wno-type-limits -Wno-array-bounds -Wno-unknown-pragmas -Wno-sign-compare -Wno-unused-parameter -Wno-unused-variable -Wno-unused-function -Wno-unused-result -Wno-unused-local-typedefs -Wno-strict-overflow -Wno-strict-aliasing -Wno-error=deprecated-declarations -Wno-stringop-overflow -Wno-psabi -Wno-error=pedantic -Wno-error=redundant-decls -Wno-error=old-style-cast -fdiagnostics-color=always -faligned-new -Wno-unused-but-set-variable -Wno-maybe-uninitialized -fno-math-errno -fno-trapping-math -Werror=format -Wno-stringop-overflow, LAPACK_INFO=mkl, PERF_WITH_AVX=1, PERF_WITH_AVX2=1, PERF_WITH_AVX512=1, TORCH_VERSION=1.10.0, USE_CUDA=ON, USE_CUDNN=ON, USE_EXCEPTION_PTR=1, USE_GFLAGS=OFF, USE_GLOG=OFF, USE_MKL=ON, USE_MKLDNN=ON, USE_MPI=OFF, USE_NCCL=ON, USE_NNPACK=ON, USE_OPENMP=ON, 

TorchVision: 0.11.1+cu113
OpenCV: 4.7.0
MMCV: 1.7.1
MMCV Compiler: GCC 9.3
MMCV CUDA Compiler: 11.3
MMDetection: 2.28.1+c14dd6c
------------------------------------------------------------

2023-02-08 18:35:49,518 - mmdet - INFO - Distributed training: False
2023-02-08 18:35:49,789 - mmdet - INFO - Config:
model = dict(
    type='MaskRCNN',
    backbone=dict(
        type='ResNet',
        depth=50,
        num_stages=4,
        out_indices=(0, 1, 2, 3),
        frozen_stages=1,
        norm_cfg=dict(type='BN', requires_grad=True),
        norm_eval=True,
        style='pytorch',
        init_cfg=dict(type='Pretrained', checkpoint='torchvision://resnet50')),
    neck=dict(
        type='FPN',
        in_channels=[256, 512, 1024, 2048],
        out_channels=256,
        num_outs=5),
    rpn_head=dict(
        type='RPNHead',
        in_channels=256,
        feat_channels=256,
        anchor_generator=dict(
            type='AnchorGenerator',
            scales=[8],
            ratios=[0.5, 1.0, 2.0],
            strides=[4, 8, 16, 32, 64]),
        bbox_coder=dict(
            type='DeltaXYWHBBoxCoder',
            target_means=[0.0, 0.0, 0.0, 0.0],
            target_stds=[1.0, 1.0, 1.0, 1.0]),
        loss_cls=dict(
            type='CrossEntropyLoss', use_sigmoid=True, loss_weight=1.0),
        loss_bbox=dict(type='L1Loss', loss_weight=1.0)),
    roi_head=dict(
        type='StandardRoIHead',
        bbox_roi_extractor=dict(
            type='SingleRoIExtractor',
            roi_layer=dict(type='RoIAlign', output_size=7, sampling_ratio=0),
            out_channels=256,
            featmap_strides=[4, 8, 16, 32]),
        bbox_head=dict(
            type='Shared2FCBBoxHead',
            in_channels=256,
            fc_out_channels=1024,
            roi_feat_size=7,
            num_classes=1,
            bbox_coder=dict(
                type='DeltaXYWHBBoxCoder',
                target_means=[0.0, 0.0, 0.0, 0.0],
                target_stds=[0.1, 0.1, 0.2, 0.2]),
            reg_class_agnostic=False,
            loss_cls=dict(
                type='CrossEntropyLoss', use_sigmoid=False, loss_weight=1.0),
            loss_bbox=dict(type='L1Loss', loss_weight=1.0)),
        mask_roi_extractor=dict(
            type='SingleRoIExtractor',
            roi_layer=dict(type='RoIAlign', output_size=14, sampling_ratio=0),
            out_channels=256,
            featmap_strides=[4, 8, 16, 32]),
        mask_head=dict(
            type='FCNMaskHead',
            num_convs=4,
            in_channels=256,
            conv_out_channels=256,
            num_classes=1,
            loss_mask=dict(
                type='CrossEntropyLoss', use_mask=True, loss_weight=1.0))),
    train_cfg=dict(
        rpn=dict(
            assigner=dict(
                type='MaxIoUAssigner',
                pos_iou_thr=0.7,
                neg_iou_thr=0.3,
                min_pos_iou=0.3,
                match_low_quality=True,
                ignore_iof_thr=-1),
            sampler=dict(
                type='RandomSampler',
                num=256,
                pos_fraction=0.5,
                neg_pos_ub=-1,
                add_gt_as_proposals=False),
            allowed_border=-1,
            pos_weight=-1,
            debug=False),
        rpn_proposal=dict(
            nms_pre=2000,
            max_per_img=1000,
            nms=dict(type='nms', iou_threshold=0.7),
            min_bbox_size=0),
        rcnn=dict(
            assigner=dict(
                type='MaxIoUAssigner',
                pos_iou_thr=0.5,
                neg_iou_thr=0.5,
                min_pos_iou=0.5,
                match_low_quality=True,
                ignore_iof_thr=-1),
            sampler=dict(
                type='RandomSampler',
                num=512,
                pos_fraction=0.25,
                neg_pos_ub=-1,
                add_gt_as_proposals=True),
            mask_size=28,
            pos_weight=-1,
            debug=False)),
    test_cfg=dict(
        rpn=dict(
            nms_pre=1000,
            max_per_img=1000,
            nms=dict(type='nms', iou_threshold=0.7),
            min_bbox_size=0),
        rcnn=dict(
            score_thr=0.05,
            nms=dict(type='nms', iou_threshold=0.5),
            max_per_img=100,
            mask_thr_binary=0.5)))
dataset_type = 'CocoDataset'
data_root = 'data/balloon'
img_norm_cfg = dict(
    mean=[123.675, 116.28, 103.53], std=[58.395, 57.12, 57.375], to_rgb=True)
train_pipeline = [
    dict(type='LoadImageFromFile'),
    dict(type='LoadAnnotations', with_bbox=True, with_mask=True),
    dict(type='Resize', img_scale=(1333, 800), keep_ratio=True),
    dict(type='RandomFlip', flip_ratio=0.5),
    dict(
        type='Normalize',
        mean=[123.675, 116.28, 103.53],
        std=[58.395, 57.12, 57.375],
        to_rgb=True),
    dict(type='Pad', size_divisor=32),
    dict(type='DefaultFormatBundle'),
    dict(type='Collect', keys=['img', 'gt_bboxes', 'gt_labels', 'gt_masks'])
]
test_pipeline = [
    dict(type='LoadImageFromFile'),
    dict(
        type='MultiScaleFlipAug',
        img_scale=(1333, 800),
        flip=False,
        transforms=[
            dict(type='Resize', keep_ratio=True),
            dict(type='RandomFlip'),
            dict(
                type='Normalize',
                mean=[123.675, 116.28, 103.53],
                std=[58.395, 57.12, 57.375],
                to_rgb=True),
            dict(type='Pad', size_divisor=32),
            dict(type='ImageToTensor', keys=['img']),
            dict(type='Collect', keys=['img'])
        ])
]
data = dict(
    samples_per_gpu=2,
    workers_per_gpu=2,
    train=dict(
        type='CocoDataset',
        ann_file='data/balloon/anna/tarin.json',
        img_prefix='data/balloon/train',
        pipeline=[
            dict(type='LoadImageFromFile'),
            dict(type='LoadAnnotations', with_bbox=True, with_mask=True),
            dict(type='Resize', img_scale=(1333, 800), keep_ratio=True),
            dict(type='RandomFlip', flip_ratio=0.5),
            dict(
                type='Normalize',
                mean=[123.675, 116.28, 103.53],
                std=[58.395, 57.12, 57.375],
                to_rgb=True),
            dict(type='Pad', size_divisor=32),
            dict(type='DefaultFormatBundle'),
            dict(
                type='Collect',
                keys=['img', 'gt_bboxes', 'gt_labels', 'gt_masks'])
        ],
        classes=('balloon', )),
    val=dict(
        type='CocoDataset',
        ann_file='data/balloon/anna/val.json',
        img_prefix='data/balloon/val',
        pipeline=[
            dict(type='LoadImageFromFile'),
            dict(
                type='MultiScaleFlipAug',
                img_scale=(1333, 800),
                flip=False,
                transforms=[
                    dict(type='Resize', keep_ratio=True),
                    dict(type='RandomFlip'),
                    dict(
                        type='Normalize',
                        mean=[123.675, 116.28, 103.53],
                        std=[58.395, 57.12, 57.375],
                        to_rgb=True),
                    dict(type='Pad', size_divisor=32),
                    dict(type='ImageToTensor', keys=['img']),
                    dict(type='Collect', keys=['img'])
                ])
        ],
        classes=('balloon', )),
    test=dict(
        type='CocoDataset',
        ann_file='data/balloon/anna/val.json',
        img_prefix='data/balloon/val',
        pipeline=[
            dict(type='LoadImageFromFile'),
            dict(
                type='MultiScaleFlipAug',
                img_scale=(1333, 800),
                flip=False,
                transforms=[
                    dict(type='Resize', keep_ratio=True),
                    dict(type='RandomFlip'),
                    dict(
                        type='Normalize',
                        mean=[123.675, 116.28, 103.53],
                        std=[58.395, 57.12, 57.375],
                        to_rgb=True),
                    dict(type='Pad', size_divisor=32),
                    dict(type='ImageToTensor', keys=['img']),
                    dict(type='Collect', keys=['img'])
                ])
        ],
        classes=('balloon', )))
evaluation = dict(metric=['bbox', 'segm'])
optimizer = dict(type='SGD', lr=0.00125, momentum=0.9, weight_decay=0.0001)
optimizer_config = dict(grad_clip=None)
lr_config = dict(
    policy='step',
    warmup='linear',
    warmup_iters=500,
    warmup_ratio=0.001,
    step=[16, 22])
runner = dict(type='EpochBasedRunner', max_epochs=24)
checkpoint_config = dict(interval=10)
log_config = dict(interval=50, hooks=[dict(type='TextLoggerHook')])
custom_hooks = [dict(type='NumClassCheckHook')]
dist_params = dict(backend='nccl')
log_level = 'INFO'
load_from = 'checkpoints/mask_rcnn_r50_fpn_2x_coco_bbox_mAP-0.392__segm_mAP-0.354_20200505_003907-3e542a40.pth'
resume_from = None
workflow = [('train', 1)]
opencv_num_threads = 0
mp_start_method = 'fork'
auto_scale_lr = dict(enable=False, base_batch_size=16)
classes = ('balloon', )
work_dir = 'work/ballon_mask'
auto_resume = False
gpu_ids = [0]

2023-02-08 18:35:49,792 - mmdet - INFO - Set random seed to 1093937964, deterministic: False
2023-02-08 18:36:05,247 - mmdet - INFO - Automatic scaling of learning rate (LR) has been disabled.
2023-02-08 18:36:05,262 - mmdet - INFO - load checkpoint from local path: checkpoints/mask_rcnn_r50_fpn_2x_coco_bbox_mAP-0.392__segm_mAP-0.354_20200505_003907-3e542a40.pth
2023-02-08 18:36:05,578 - mmdet - WARNING - The model and loaded state dict do not match exactly

size mismatch for roi_head.bbox_head.fc_cls.weight: copying a param with shape torch.Size([81, 1024]) from checkpoint, the shape in current model is torch.Size([2, 1024]).
size mismatch for roi_head.bbox_head.fc_cls.bias: copying a param with shape torch.Size([81]) from checkpoint, the shape in current model is torch.Size([2]).
size mismatch for roi_head.bbox_head.fc_reg.weight: copying a param with shape torch.Size([320, 1024]) from checkpoint, the shape in current model is torch.Size([4, 1024]).
size mismatch for roi_head.bbox_head.fc_reg.bias: copying a param with shape torch.Size([320]) from checkpoint, the shape in current model is torch.Size([4]).
size mismatch for roi_head.mask_head.conv_logits.weight: copying a param with shape torch.Size([80, 256, 1, 1]) from checkpoint, the shape in current model is torch.Size([1, 256, 1, 1]).
size mismatch for roi_head.mask_head.conv_logits.bias: copying a param with shape torch.Size([80]) from checkpoint, the shape in current model is torch.Size([1]).
2023-02-08 18:36:05,580 - mmdet - INFO - Start running, host: scz0asd@g0015, work_dir: /data/run01/scz0asd/mmdetection/work/ballon_mask
2023-02-08 18:36:05,581 - mmdet - INFO - Hooks will be executed in the following order:
before_run:
(VERY_HIGH   ) StepLrUpdaterHook                  
(NORMAL      ) CheckpointHook                     
(LOW         ) EvalHook                           
(VERY_LOW    ) TextLoggerHook                     
 -------------------- 
before_train_epoch:
(VERY_HIGH   ) StepLrUpdaterHook                  
(NORMAL      ) NumClassCheckHook                  
(LOW         ) IterTimerHook                      
(LOW         ) EvalHook                           
(VERY_LOW    ) TextLoggerHook                     
 -------------------- 
before_train_iter:
(VERY_HIGH   ) StepLrUpdaterHook                  
(LOW         ) IterTimerHook                      
(LOW         ) EvalHook                           
 -------------------- 
after_train_iter:
(ABOVE_NORMAL) OptimizerHook                      
(NORMAL      ) CheckpointHook                     
(LOW         ) IterTimerHook                      
(LOW         ) EvalHook                           
(VERY_LOW    ) TextLoggerHook                     
 -------------------- 
after_train_epoch:
(NORMAL      ) CheckpointHook                     
(LOW         ) EvalHook                           
(VERY_LOW    ) TextLoggerHook                     
 -------------------- 
before_val_epoch:
(NORMAL      ) NumClassCheckHook                  
(LOW         ) IterTimerHook                      
(VERY_LOW    ) TextLoggerHook                     
 -------------------- 
before_val_iter:
(LOW         ) IterTimerHook                      
 -------------------- 
after_val_iter:
(LOW         ) IterTimerHook                      
 -------------------- 
after_val_epoch:
(VERY_LOW    ) TextLoggerHook                     
 -------------------- 
after_run:
(VERY_LOW    ) TextLoggerHook                     
 -------------------- 
2023-02-08 18:36:05,581 - mmdet - INFO - workflow: [('train', 1)], max: 24 epochs
2023-02-08 18:36:05,581 - mmdet - INFO - Checkpoints will be saved to /data/run01/scz0asd/mmdetection/work/ballon_mask by HardDiskBackend.
2023-02-08 18:36:24,910 - mmdet - INFO - Evaluating bbox...
2023-02-08 18:36:25,074 - mmdet - INFO - 
 Average Precision  (AP) @[ IoU=0.50:0.95 | area=   all | maxDets=100 ] = 0.010
 Average Precision  (AP) @[ IoU=0.50      | area=   all | maxDets=1000 ] = 0.030
 Average Precision  (AP) @[ IoU=0.75      | area=   all | maxDets=1000 ] = 0.005
 Average Precision  (AP) @[ IoU=0.50:0.95 | area= small | maxDets=1000 ] = 0.000
 Average Precision  (AP) @[ IoU=0.50:0.95 | area=medium | maxDets=1000 ] = 0.008
 Average Precision  (AP) @[ IoU=0.50:0.95 | area= large | maxDets=1000 ] = 0.017
 Average Recall     (AR) @[ IoU=0.50:0.95 | area=   all | maxDets=100 ] = 0.344
 Average Recall     (AR) @[ IoU=0.50:0.95 | area=   all | maxDets=300 ] = 0.344
 Average Recall     (AR) @[ IoU=0.50:0.95 | area=   all | maxDets=1000 ] = 0.344
 Average Recall     (AR) @[ IoU=0.50:0.95 | area= small | maxDets=1000 ] = 0.000
 Average Recall     (AR) @[ IoU=0.50:0.95 | area=medium | maxDets=1000 ] = 0.250
 Average Recall     (AR) @[ IoU=0.50:0.95 | area= large | maxDets=1000 ] = 0.394

2023-02-08 18:36:25,074 - mmdet - INFO - Evaluating segm...
2023-02-08 18:36:25,247 - mmdet - INFO - 
 Average Precision  (AP) @[ IoU=0.50:0.95 | area=   all | maxDets=100 ] = 0.008
 Average Precision  (AP) @[ IoU=0.50      | area=   all | maxDets=1000 ] = 0.017
 Average Precision  (AP) @[ IoU=0.75      | area=   all | maxDets=1000 ] = 0.006
 Average Precision  (AP) @[ IoU=0.50:0.95 | area= small | maxDets=1000 ] = 0.000
 Average Precision  (AP) @[ IoU=0.50:0.95 | area=medium | maxDets=1000 ] = 0.017
 Average Precision  (AP) @[ IoU=0.50:0.95 | area= large | maxDets=1000 ] = 0.037
 Average Recall     (AR) @[ IoU=0.50:0.95 | area=   all | maxDets=100 ] = 0.300
 Average Recall     (AR) @[ IoU=0.50:0.95 | area=   all | maxDets=300 ] = 0.300
 Average Recall     (AR) @[ IoU=0.50:0.95 | area=   all | maxDets=1000 ] = 0.300
 Average Recall     (AR) @[ IoU=0.50:0.95 | area= small | maxDets=1000 ] = 0.000
 Average Recall     (AR) @[ IoU=0.50:0.95 | area=medium | maxDets=1000 ] = 0.508
 Average Recall     (AR) @[ IoU=0.50:0.95 | area= large | maxDets=1000 ] = 0.247

2023-02-08 18:36:25,249 - mmdet - INFO - Exp name: mask_rcnn_r50_fpn_2x_ballon.py
2023-02-08 18:36:25,249 - mmdet - INFO - Epoch(val) [1][13]	bbox_mAP: 0.0102, bbox_mAP_50: 0.0296, bbox_mAP_75: 0.0046, bbox_mAP_s: 0.0000, bbox_mAP_m: 0.0085, bbox_mAP_l: 0.0174, bbox_mAP_copypaste: 0.0102 0.0296 0.0046 0.0000 0.0085 0.0174, segm_mAP: 0.0081, segm_mAP_50: 0.0174, segm_mAP_75: 0.0057, segm_mAP_s: 0.0000, segm_mAP_m: 0.0166, segm_mAP_l: 0.0372, segm_mAP_copypaste: 0.0081 0.0174 0.0057 0.0000 0.0166 0.0372
2023-02-08 18:36:40,370 - mmdet - INFO - Evaluating bbox...
2023-02-08 18:36:40,479 - mmdet - INFO - 
 Average Precision  (AP) @[ IoU=0.50:0.95 | area=   all | maxDets=100 ] = 0.137
 Average Precision  (AP) @[ IoU=0.50      | area=   all | maxDets=1000 ] = 0.221
 Average Precision  (AP) @[ IoU=0.75      | area=   all | maxDets=1000 ] = 0.152
 Average Precision  (AP) @[ IoU=0.50:0.95 | area= small | maxDets=1000 ] = 0.000
 Average Precision  (AP) @[ IoU=0.50:0.95 | area=medium | maxDets=1000 ] = 0.099
 Average Precision  (AP) @[ IoU=0.50:0.95 | area= large | maxDets=1000 ] = 0.173
 Average Recall     (AR) @[ IoU=0.50:0.95 | area=   all | maxDets=100 ] = 0.644
 Average Recall     (AR) @[ IoU=0.50:0.95 | area=   all | maxDets=300 ] = 0.644
 Average Recall     (AR) @[ IoU=0.50:0.95 | area=   all | maxDets=1000 ] = 0.644
 Average Recall     (AR) @[ IoU=0.50:0.95 | area= small | maxDets=1000 ] = 0.000
 Average Recall     (AR) @[ IoU=0.50:0.95 | area=medium | maxDets=1000 ] = 0.625
 Average Recall     (AR) @[ IoU=0.50:0.95 | area= large | maxDets=1000 ] = 0.686

2023-02-08 18:36:40,480 - mmdet - INFO - Evaluating segm...
2023-02-08 18:36:40,718 - mmdet - INFO - 
 Average Precision  (AP) @[ IoU=0.50:0.95 | area=   all | maxDets=100 ] = 0.176
 Average Precision  (AP) @[ IoU=0.50      | area=   all | maxDets=1000 ] = 0.223
 Average Precision  (AP) @[ IoU=0.75      | area=   all | maxDets=1000 ] = 0.219
 Average Precision  (AP) @[ IoU=0.50:0.95 | area= small | maxDets=1000 ] = 0.000
 Average Precision  (AP) @[ IoU=0.50:0.95 | area=medium | maxDets=1000 ] = 0.108
 Average Precision  (AP) @[ IoU=0.50:0.95 | area= large | maxDets=1000 ] = 0.257
 Average Recall     (AR) @[ IoU=0.50:0.95 | area=   all | maxDets=100 ] = 0.744
 Average Recall     (AR) @[ IoU=0.50:0.95 | area=   all | maxDets=300 ] = 0.744
 Average Recall     (AR) @[ IoU=0.50:0.95 | area=   all | maxDets=1000 ] = 0.744
 Average Recall     (AR) @[ IoU=0.50:0.95 | area= small | maxDets=1000 ] = 0.000
 Average Recall     (AR) @[ IoU=0.50:0.95 | area=medium | maxDets=1000 ] = 0.742
 Average Recall     (AR) @[ IoU=0.50:0.95 | area= large | maxDets=1000 ] = 0.786

2023-02-08 18:36:40,720 - mmdet - INFO - Exp name: mask_rcnn_r50_fpn_2x_ballon.py
2023-02-08 18:36:40,720 - mmdet - INFO - Epoch(val) [2][13]	bbox_mAP: 0.1375, bbox_mAP_50: 0.2213, bbox_mAP_75: 0.1522, bbox_mAP_s: 0.0000, bbox_mAP_m: 0.0992, bbox_mAP_l: 0.1726, bbox_mAP_copypaste: 0.1375 0.2213 0.1522 0.0000 0.0992 0.1726, segm_mAP: 0.1758, segm_mAP_50: 0.2226, segm_mAP_75: 0.2194, segm_mAP_s: 0.0000, segm_mAP_m: 0.1084, segm_mAP_l: 0.2574, segm_mAP_copypaste: 0.1758 0.2226 0.2194 0.0000 0.1084 0.2574
2023-02-08 18:36:56,058 - mmdet - INFO - Evaluating bbox...
2023-02-08 18:36:56,166 - mmdet - INFO - 
 Average Precision  (AP) @[ IoU=0.50:0.95 | area=   all | maxDets=100 ] = 0.533
 Average Precision  (AP) @[ IoU=0.50      | area=   all | maxDets=1000 ] = 0.726
 Average Precision  (AP) @[ IoU=0.75      | area=   all | maxDets=1000 ] = 0.673
 Average Precision  (AP) @[ IoU=0.50:0.95 | area= small | maxDets=1000 ] = 0.004
 Average Precision  (AP) @[ IoU=0.50:0.95 | area=medium | maxDets=1000 ] = 0.384
 Average Precision  (AP) @[ IoU=0.50:0.95 | area= large | maxDets=1000 ] = 0.607
 Average Recall     (AR) @[ IoU=0.50:0.95 | area=   all | maxDets=100 ] = 0.720
 Average Recall     (AR) @[ IoU=0.50:0.95 | area=   all | maxDets=300 ] = 0.720
 Average Recall     (AR) @[ IoU=0.50:0.95 | area=   all | maxDets=1000 ] = 0.720
 Average Recall     (AR) @[ IoU=0.50:0.95 | area= small | maxDets=1000 ] = 0.200
 Average Recall     (AR) @[ IoU=0.50:0.95 | area=medium | maxDets=1000 ] = 0.675
 Average Recall     (AR) @[ IoU=0.50:0.95 | area= large | maxDets=1000 ] = 0.764

2023-02-08 18:36:56,166 - mmdet - INFO - Evaluating segm...
2023-02-08 18:36:56,323 - mmdet - INFO - 
 Average Precision  (AP) @[ IoU=0.50:0.95 | area=   all | maxDets=100 ] = 0.621
 Average Precision  (AP) @[ IoU=0.50      | area=   all | maxDets=1000 ] = 0.728
 Average Precision  (AP) @[ IoU=0.75      | area=   all | maxDets=1000 ] = 0.718
 Average Precision  (AP) @[ IoU=0.50:0.95 | area= small | maxDets=1000 ] = 0.007
 Average Precision  (AP) @[ IoU=0.50:0.95 | area=medium | maxDets=1000 ] = 0.425
 Average Precision  (AP) @[ IoU=0.50:0.95 | area= large | maxDets=1000 ] = 0.708
 Average Recall     (AR) @[ IoU=0.50:0.95 | area=   all | maxDets=100 ] = 0.820
 Average Recall     (AR) @[ IoU=0.50:0.95 | area=   all | maxDets=300 ] = 0.820
 Average Recall     (AR) @[ IoU=0.50:0.95 | area=   all | maxDets=1000 ] = 0.820
 Average Recall     (AR) @[ IoU=0.50:0.95 | area= small | maxDets=1000 ] = 0.450
 Average Recall     (AR) @[ IoU=0.50:0.95 | area=medium | maxDets=1000 ] = 0.800
 Average Recall     (AR) @[ IoU=0.50:0.95 | area= large | maxDets=1000 ] = 0.847

2023-02-08 18:36:56,324 - mmdet - INFO - Exp name: mask_rcnn_r50_fpn_2x_ballon.py
2023-02-08 18:36:56,324 - mmdet - INFO - Epoch(val) [3][13]	bbox_mAP: 0.5331, bbox_mAP_50: 0.7264, bbox_mAP_75: 0.6731, bbox_mAP_s: 0.0040, bbox_mAP_m: 0.3845, bbox_mAP_l: 0.6070, bbox_mAP_copypaste: 0.5331 0.7264 0.6731 0.0040 0.3845 0.6070, segm_mAP: 0.6214, segm_mAP_50: 0.7282, segm_mAP_75: 0.7177, segm_mAP_s: 0.0068, segm_mAP_m: 0.4252, segm_mAP_l: 0.7077, segm_mAP_copypaste: 0.6214 0.7282 0.7177 0.0068 0.4252 0.7077
2023-02-08 18:37:10,463 - mmdet - INFO - Evaluating bbox...
2023-02-08 18:37:10,554 - mmdet - INFO - 
 Average Precision  (AP) @[ IoU=0.50:0.95 | area=   all | maxDets=100 ] = 0.640
 Average Precision  (AP) @[ IoU=0.50      | area=   all | maxDets=1000 ] = 0.825
 Average Precision  (AP) @[ IoU=0.75      | area=   all | maxDets=1000 ] = 0.821
 Average Precision  (AP) @[ IoU=0.50:0.95 | area= small | maxDets=1000 ] = 0.013
 Average Precision  (AP) @[ IoU=0.50:0.95 | area=medium | maxDets=1000 ] = 0.598
 Average Precision  (AP) @[ IoU=0.50:0.95 | area= large | maxDets=1000 ] = 0.686
 Average Recall     (AR) @[ IoU=0.50:0.95 | area=   all | maxDets=100 ] = 0.764
 Average Recall     (AR) @[ IoU=0.50:0.95 | area=   all | maxDets=300 ] = 0.764
 Average Recall     (AR) @[ IoU=0.50:0.95 | area=   all | maxDets=1000 ] = 0.764
 Average Recall     (AR) @[ IoU=0.50:0.95 | area= small | maxDets=1000 ] = 0.300
 Average Recall     (AR) @[ IoU=0.50:0.95 | area=medium | maxDets=1000 ] = 0.733
 Average Recall     (AR) @[ IoU=0.50:0.95 | area= large | maxDets=1000 ] = 0.800

2023-02-08 18:37:10,554 - mmdet - INFO - Evaluating segm...
2023-02-08 18:37:10,685 - mmdet - INFO - 
 Average Precision  (AP) @[ IoU=0.50:0.95 | area=   all | maxDets=100 ] = 0.724
 Average Precision  (AP) @[ IoU=0.50      | area=   all | maxDets=1000 ] = 0.828
 Average Precision  (AP) @[ IoU=0.75      | area=   all | maxDets=1000 ] = 0.820
 Average Precision  (AP) @[ IoU=0.50:0.95 | area= small | maxDets=1000 ] = 0.019
 Average Precision  (AP) @[ IoU=0.50:0.95 | area=medium | maxDets=1000 ] = 0.666
 Average Precision  (AP) @[ IoU=0.50:0.95 | area= large | maxDets=1000 ] = 0.778
 Average Recall     (AR) @[ IoU=0.50:0.95 | area=   all | maxDets=100 ] = 0.846
 Average Recall     (AR) @[ IoU=0.50:0.95 | area=   all | maxDets=300 ] = 0.846
 Average Recall     (AR) @[ IoU=0.50:0.95 | area=   all | maxDets=1000 ] = 0.846
 Average Recall     (AR) @[ IoU=0.50:0.95 | area= small | maxDets=1000 ] = 0.550
 Average Recall     (AR) @[ IoU=0.50:0.95 | area=medium | maxDets=1000 ] = 0.817
 Average Recall     (AR) @[ IoU=0.50:0.95 | area= large | maxDets=1000 ] = 0.872

2023-02-08 18:37:10,686 - mmdet - INFO - Exp name: mask_rcnn_r50_fpn_2x_ballon.py
2023-02-08 18:37:10,686 - mmdet - INFO - Epoch(val) [4][13]	bbox_mAP: 0.6403, bbox_mAP_50: 0.8253, bbox_mAP_75: 0.8212, bbox_mAP_s: 0.0126, bbox_mAP_m: 0.5980, bbox_mAP_l: 0.6860, bbox_mAP_copypaste: 0.6403 0.8253 0.8212 0.0126 0.5980 0.6860, segm_mAP: 0.7242, segm_mAP_50: 0.8280, segm_mAP_75: 0.8202, segm_mAP_s: 0.0187, segm_mAP_m: 0.6664, segm_mAP_l: 0.7776, segm_mAP_copypaste: 0.7242 0.8280 0.8202 0.0187 0.6664 0.7776
2023-02-08 18:37:23,614 - mmdet - INFO - Evaluating bbox...
2023-02-08 18:37:23,685 - mmdet - INFO - 
 Average Precision  (AP) @[ IoU=0.50:0.95 | area=   all | maxDets=100 ] = 0.665
 Average Precision  (AP) @[ IoU=0.50      | area=   all | maxDets=1000 ] = 0.855
 Average Precision  (AP) @[ IoU=0.75      | area=   all | maxDets=1000 ] = 0.847
 Average Precision  (AP) @[ IoU=0.50:0.95 | area= small | maxDets=1000 ] = 0.019
 Average Precision  (AP) @[ IoU=0.50:0.95 | area=medium | maxDets=1000 ] = 0.679
 Average Precision  (AP) @[ IoU=0.50:0.95 | area= large | maxDets=1000 ] = 0.694
 Average Recall     (AR) @[ IoU=0.50:0.95 | area=   all | maxDets=100 ] = 0.768
 Average Recall     (AR) @[ IoU=0.50:0.95 | area=   all | maxDets=300 ] = 0.768
 Average Recall     (AR) @[ IoU=0.50:0.95 | area=   all | maxDets=1000 ] = 0.768
 Average Recall     (AR) @[ IoU=0.50:0.95 | area= small | maxDets=1000 ] = 0.300
 Average Recall     (AR) @[ IoU=0.50:0.95 | area=medium | maxDets=1000 ] = 0.783
 Average Recall     (AR) @[ IoU=0.50:0.95 | area= large | maxDets=1000 ] = 0.789

2023-02-08 18:37:23,685 - mmdet - INFO - Evaluating segm...
2023-02-08 18:37:23,781 - mmdet - INFO - 
 Average Precision  (AP) @[ IoU=0.50:0.95 | area=   all | maxDets=100 ] = 0.756
 Average Precision  (AP) @[ IoU=0.50      | area=   all | maxDets=1000 ] = 0.857
 Average Precision  (AP) @[ IoU=0.75      | area=   all | maxDets=1000 ] = 0.847
 Average Precision  (AP) @[ IoU=0.50:0.95 | area= small | maxDets=1000 ] = 0.028
 Average Precision  (AP) @[ IoU=0.50:0.95 | area=medium | maxDets=1000 ] = 0.723
 Average Precision  (AP) @[ IoU=0.50:0.95 | area= large | maxDets=1000 ] = 0.803
 Average Recall     (AR) @[ IoU=0.50:0.95 | area=   all | maxDets=100 ] = 0.854
 Average Recall     (AR) @[ IoU=0.50:0.95 | area=   all | maxDets=300 ] = 0.854
 Average Recall     (AR) @[ IoU=0.50:0.95 | area=   all | maxDets=1000 ] = 0.854
 Average Recall     (AR) @[ IoU=0.50:0.95 | area= small | maxDets=1000 ] = 0.550
 Average Recall     (AR) @[ IoU=0.50:0.95 | area=medium | maxDets=1000 ] = 0.825
 Average Recall     (AR) @[ IoU=0.50:0.95 | area= large | maxDets=1000 ] = 0.881

2023-02-08 18:37:23,782 - mmdet - INFO - Exp name: mask_rcnn_r50_fpn_2x_ballon.py
2023-02-08 18:37:23,782 - mmdet - INFO - Epoch(val) [5][13]	bbox_mAP: 0.6645, bbox_mAP_50: 0.8551, bbox_mAP_75: 0.8470, bbox_mAP_s: 0.0189, bbox_mAP_m: 0.6792, bbox_mAP_l: 0.6936, bbox_mAP_copypaste: 0.6645 0.8551 0.8470 0.0189 0.6792 0.6936, segm_mAP: 0.7556, segm_mAP_50: 0.8567, segm_mAP_75: 0.8470, segm_mAP_s: 0.0283, segm_mAP_m: 0.7235, segm_mAP_l: 0.8035, segm_mAP_copypaste: 0.7556 0.8567 0.8470 0.0283 0.7235 0.8035
2023-02-08 18:37:34,768 - mmdet - INFO - Evaluating bbox...
2023-02-08 18:37:34,806 - mmdet - INFO - 
 Average Precision  (AP) @[ IoU=0.50:0.95 | area=   all | maxDets=100 ] = 0.738
 Average Precision  (AP) @[ IoU=0.50      | area=   all | maxDets=1000 ] = 0.897
 Average Precision  (AP) @[ IoU=0.75      | area=   all | maxDets=1000 ] = 0.866
 Average Precision  (AP) @[ IoU=0.50:0.95 | area= small | maxDets=1000 ] = 0.047
 Average Precision  (AP) @[ IoU=0.50:0.95 | area=medium | maxDets=1000 ] = 0.696
 Average Precision  (AP) @[ IoU=0.50:0.95 | area= large | maxDets=1000 ] = 0.781
 Average Recall     (AR) @[ IoU=0.50:0.95 | area=   all | maxDets=100 ] = 0.816
 Average Recall     (AR) @[ IoU=0.50:0.95 | area=   all | maxDets=300 ] = 0.816
 Average Recall     (AR) @[ IoU=0.50:0.95 | area=   all | maxDets=1000 ] = 0.816
 Average Recall     (AR) @[ IoU=0.50:0.95 | area= small | maxDets=1000 ] = 0.550
 Average Recall     (AR) @[ IoU=0.50:0.95 | area=medium | maxDets=1000 ] = 0.792
 Average Recall     (AR) @[ IoU=0.50:0.95 | area= large | maxDets=1000 ] = 0.839

2023-02-08 18:37:34,806 - mmdet - INFO - Evaluating segm...
2023-02-08 18:37:34,854 - mmdet - INFO - 
 Average Precision  (AP) @[ IoU=0.50:0.95 | area=   all | maxDets=100 ] = 0.794
 Average Precision  (AP) @[ IoU=0.50      | area=   all | maxDets=1000 ] = 0.884
 Average Precision  (AP) @[ IoU=0.75      | area=   all | maxDets=1000 ] = 0.878
 Average Precision  (AP) @[ IoU=0.50:0.95 | area= small | maxDets=1000 ] = 0.040
 Average Precision  (AP) @[ IoU=0.50:0.95 | area=medium | maxDets=1000 ] = 0.741
 Average Precision  (AP) @[ IoU=0.50:0.95 | area= large | maxDets=1000 ] = 0.842
 Average Recall     (AR) @[ IoU=0.50:0.95 | area=   all | maxDets=100 ] = 0.856
 Average Recall     (AR) @[ IoU=0.50:0.95 | area=   all | maxDets=300 ] = 0.856
 Average Recall     (AR) @[ IoU=0.50:0.95 | area=   all | maxDets=1000 ] = 0.856
 Average Recall     (AR) @[ IoU=0.50:0.95 | area= small | maxDets=1000 ] = 0.600
 Average Recall     (AR) @[ IoU=0.50:0.95 | area=medium | maxDets=1000 ] = 0.825
 Average Recall     (AR) @[ IoU=0.50:0.95 | area= large | maxDets=1000 ] = 0.881

2023-02-08 18:37:34,854 - mmdet - INFO - Exp name: mask_rcnn_r50_fpn_2x_ballon.py
2023-02-08 18:37:34,855 - mmdet - INFO - Epoch(val) [6][13]	bbox_mAP: 0.7384, bbox_mAP_50: 0.8966, bbox_mAP_75: 0.8663, bbox_mAP_s: 0.0469, bbox_mAP_m: 0.6964, bbox_mAP_l: 0.7813, bbox_mAP_copypaste: 0.7384 0.8966 0.8663 0.0469 0.6964 0.7813, segm_mAP: 0.7941, segm_mAP_50: 0.8844, segm_mAP_75: 0.8780, segm_mAP_s: 0.0403, segm_mAP_m: 0.7408, segm_mAP_l: 0.8421, segm_mAP_copypaste: 0.7941 0.8844 0.8780 0.0403 0.7408 0.8421
2023-02-08 18:37:45,284 - mmdet - INFO - Evaluating bbox...
2023-02-08 18:37:45,315 - mmdet - INFO - 
 Average Precision  (AP) @[ IoU=0.50:0.95 | area=   all | maxDets=100 ] = 0.744
 Average Precision  (AP) @[ IoU=0.50      | area=   all | maxDets=1000 ] = 0.909
 Average Precision  (AP) @[ IoU=0.75      | area=   all | maxDets=1000 ] = 0.883
 Average Precision  (AP) @[ IoU=0.50:0.95 | area= small | maxDets=1000 ] = 0.060
 Average Precision  (AP) @[ IoU=0.50:0.95 | area=medium | maxDets=1000 ] = 0.731
 Average Precision  (AP) @[ IoU=0.50:0.95 | area= large | maxDets=1000 ] = 0.780
 Average Recall     (AR) @[ IoU=0.50:0.95 | area=   all | maxDets=100 ] = 0.818
 Average Recall     (AR) @[ IoU=0.50:0.95 | area=   all | maxDets=300 ] = 0.818
 Average Recall     (AR) @[ IoU=0.50:0.95 | area=   all | maxDets=1000 ] = 0.818
 Average Recall     (AR) @[ IoU=0.50:0.95 | area= small | maxDets=1000 ] = 0.600
 Average Recall     (AR) @[ IoU=0.50:0.95 | area=medium | maxDets=1000 ] = 0.825
 Average Recall     (AR) @[ IoU=0.50:0.95 | area= large | maxDets=1000 ] = 0.828

2023-02-08 18:37:45,315 - mmdet - INFO - Evaluating segm...
2023-02-08 18:37:45,355 - mmdet - INFO - 
 Average Precision  (AP) @[ IoU=0.50:0.95 | area=   all | maxDets=100 ] = 0.803
 Average Precision  (AP) @[ IoU=0.50      | area=   all | maxDets=1000 ] = 0.909
 Average Precision  (AP) @[ IoU=0.75      | area=   all | maxDets=1000 ] = 0.887
 Average Precision  (AP) @[ IoU=0.50:0.95 | area= small | maxDets=1000 ] = 0.042
 Average Precision  (AP) @[ IoU=0.50:0.95 | area=medium | maxDets=1000 ] = 0.734
 Average Precision  (AP) @[ IoU=0.50:0.95 | area= large | maxDets=1000 ] = 0.856
 Average Recall     (AR) @[ IoU=0.50:0.95 | area=   all | maxDets=100 ] = 0.860
 Average Recall     (AR) @[ IoU=0.50:0.95 | area=   all | maxDets=300 ] = 0.860
 Average Recall     (AR) @[ IoU=0.50:0.95 | area=   all | maxDets=1000 ] = 0.860
 Average Recall     (AR) @[ IoU=0.50:0.95 | area= small | maxDets=1000 ] = 0.600
 Average Recall     (AR) @[ IoU=0.50:0.95 | area=medium | maxDets=1000 ] = 0.825
 Average Recall     (AR) @[ IoU=0.50:0.95 | area= large | maxDets=1000 ] = 0.886

2023-02-08 18:37:45,355 - mmdet - INFO - Exp name: mask_rcnn_r50_fpn_2x_ballon.py
2023-02-08 18:37:45,355 - mmdet - INFO - Epoch(val) [7][13]	bbox_mAP: 0.7442, bbox_mAP_50: 0.9091, bbox_mAP_75: 0.8833, bbox_mAP_s: 0.0602, bbox_mAP_m: 0.7313, bbox_mAP_l: 0.7801, bbox_mAP_copypaste: 0.7442 0.9091 0.8833 0.0602 0.7313 0.7801, segm_mAP: 0.8032, segm_mAP_50: 0.9091, segm_mAP_75: 0.8868, segm_mAP_s: 0.0423, segm_mAP_m: 0.7344, segm_mAP_l: 0.8557, segm_mAP_copypaste: 0.8032 0.9091 0.8868 0.0423 0.7344 0.8557
2023-02-08 18:37:55,752 - mmdet - INFO - Evaluating bbox...
2023-02-08 18:37:55,780 - mmdet - INFO - 
 Average Precision  (AP) @[ IoU=0.50:0.95 | area=   all | maxDets=100 ] = 0.715
 Average Precision  (AP) @[ IoU=0.50      | area=   all | maxDets=1000 ] = 0.912
 Average Precision  (AP) @[ IoU=0.75      | area=   all | maxDets=1000 ] = 0.903
 Average Precision  (AP) @[ IoU=0.50:0.95 | area= small | maxDets=1000 ] = 0.040
 Average Precision  (AP) @[ IoU=0.50:0.95 | area=medium | maxDets=1000 ] = 0.712
 Average Precision  (AP) @[ IoU=0.50:0.95 | area= large | maxDets=1000 ] = 0.756
 Average Recall     (AR) @[ IoU=0.50:0.95 | area=   all | maxDets=100 ] = 0.774
 Average Recall     (AR) @[ IoU=0.50:0.95 | area=   all | maxDets=300 ] = 0.774
 Average Recall     (AR) @[ IoU=0.50:0.95 | area=   all | maxDets=1000 ] = 0.774
 Average Recall     (AR) @[ IoU=0.50:0.95 | area= small | maxDets=1000 ] = 0.200
 Average Recall     (AR) @[ IoU=0.50:0.95 | area=medium | maxDets=1000 ] = 0.792
 Average Recall     (AR) @[ IoU=0.50:0.95 | area= large | maxDets=1000 ] = 0.800

2023-02-08 18:37:55,780 - mmdet - INFO - Evaluating segm...
2023-02-08 18:37:55,816 - mmdet - INFO - 
 Average Precision  (AP) @[ IoU=0.50:0.95 | area=   all | maxDets=100 ] = 0.794
 Average Precision  (AP) @[ IoU=0.50      | area=   all | maxDets=1000 ] = 0.912
 Average Precision  (AP) @[ IoU=0.75      | area=   all | maxDets=1000 ] = 0.888
 Average Precision  (AP) @[ IoU=0.50:0.95 | area= small | maxDets=1000 ] = 0.025
 Average Precision  (AP) @[ IoU=0.50:0.95 | area=medium | maxDets=1000 ] = 0.744
 Average Precision  (AP) @[ IoU=0.50:0.95 | area= large | maxDets=1000 ] = 0.846
 Average Recall     (AR) @[ IoU=0.50:0.95 | area=   all | maxDets=100 ] = 0.840
 Average Recall     (AR) @[ IoU=0.50:0.95 | area=   all | maxDets=300 ] = 0.840
 Average Recall     (AR) @[ IoU=0.50:0.95 | area=   all | maxDets=1000 ] = 0.840
 Average Recall     (AR) @[ IoU=0.50:0.95 | area= small | maxDets=1000 ] = 0.250
 Average Recall     (AR) @[ IoU=0.50:0.95 | area=medium | maxDets=1000 ] = 0.825
 Average Recall     (AR) @[ IoU=0.50:0.95 | area= large | maxDets=1000 ] = 0.878

2023-02-08 18:37:55,816 - mmdet - INFO - Exp name: mask_rcnn_r50_fpn_2x_ballon.py
2023-02-08 18:37:55,816 - mmdet - INFO - Epoch(val) [8][13]	bbox_mAP: 0.7150, bbox_mAP_50: 0.9125, bbox_mAP_75: 0.9027, bbox_mAP_s: 0.0404, bbox_mAP_m: 0.7118, bbox_mAP_l: 0.7560, bbox_mAP_copypaste: 0.7150 0.9125 0.9027 0.0404 0.7118 0.7560, segm_mAP: 0.7941, segm_mAP_50: 0.9125, segm_mAP_75: 0.8882, segm_mAP_s: 0.0252, segm_mAP_m: 0.7436, segm_mAP_l: 0.8461, segm_mAP_copypaste: 0.7941 0.9125 0.8882 0.0252 0.7436 0.8461
2023-02-08 18:38:05,919 - mmdet - INFO - Evaluating bbox...
2023-02-08 18:38:05,948 - mmdet - INFO - 
 Average Precision  (AP) @[ IoU=0.50:0.95 | area=   all | maxDets=100 ] = 0.752
 Average Precision  (AP) @[ IoU=0.50      | area=   all | maxDets=1000 ] = 0.916
 Average Precision  (AP) @[ IoU=0.75      | area=   all | maxDets=1000 ] = 0.881
 Average Precision  (AP) @[ IoU=0.50:0.95 | area= small | maxDets=1000 ] = 0.143
 Average Precision  (AP) @[ IoU=0.50:0.95 | area=medium | maxDets=1000 ] = 0.715
 Average Precision  (AP) @[ IoU=0.50:0.95 | area= large | maxDets=1000 ] = 0.797
 Average Recall     (AR) @[ IoU=0.50:0.95 | area=   all | maxDets=100 ] = 0.820
 Average Recall     (AR) @[ IoU=0.50:0.95 | area=   all | maxDets=300 ] = 0.820
 Average Recall     (AR) @[ IoU=0.50:0.95 | area=   all | maxDets=1000 ] = 0.820
 Average Recall     (AR) @[ IoU=0.50:0.95 | area= small | maxDets=1000 ] = 0.600
 Average Recall     (AR) @[ IoU=0.50:0.95 | area=medium | maxDets=1000 ] = 0.775
 Average Recall     (AR) @[ IoU=0.50:0.95 | area= large | maxDets=1000 ] = 0.847

2023-02-08 18:38:05,948 - mmdet - INFO - Evaluating segm...
2023-02-08 18:38:05,984 - mmdet - INFO - 
 Average Precision  (AP) @[ IoU=0.50:0.95 | area=   all | maxDets=100 ] = 0.811
 Average Precision  (AP) @[ IoU=0.50      | area=   all | maxDets=1000 ] = 0.916
 Average Precision  (AP) @[ IoU=0.75      | area=   all | maxDets=1000 ] = 0.888
 Average Precision  (AP) @[ IoU=0.50:0.95 | area= small | maxDets=1000 ] = 0.066
 Average Precision  (AP) @[ IoU=0.50:0.95 | area=medium | maxDets=1000 ] = 0.734
 Average Precision  (AP) @[ IoU=0.50:0.95 | area= large | maxDets=1000 ] = 0.866
 Average Recall     (AR) @[ IoU=0.50:0.95 | area=   all | maxDets=100 ] = 0.866
 Average Recall     (AR) @[ IoU=0.50:0.95 | area=   all | maxDets=300 ] = 0.866
 Average Recall     (AR) @[ IoU=0.50:0.95 | area=   all | maxDets=1000 ] = 0.866
 Average Recall     (AR) @[ IoU=0.50:0.95 | area= small | maxDets=1000 ] = 0.650
 Average Recall     (AR) @[ IoU=0.50:0.95 | area=medium | maxDets=1000 ] = 0.825
 Average Recall     (AR) @[ IoU=0.50:0.95 | area= large | maxDets=1000 ] = 0.892

2023-02-08 18:38:05,984 - mmdet - INFO - Exp name: mask_rcnn_r50_fpn_2x_ballon.py
2023-02-08 18:38:05,984 - mmdet - INFO - Epoch(val) [9][13]	bbox_mAP: 0.7518, bbox_mAP_50: 0.9161, bbox_mAP_75: 0.8814, bbox_mAP_s: 0.1431, bbox_mAP_m: 0.7153, bbox_mAP_l: 0.7968, bbox_mAP_copypaste: 0.7518 0.9161 0.8814 0.1431 0.7153 0.7968, segm_mAP: 0.8108, segm_mAP_50: 0.9161, segm_mAP_75: 0.8879, segm_mAP_s: 0.0658, segm_mAP_m: 0.7338, segm_mAP_l: 0.8655, segm_mAP_copypaste: 0.8108 0.9161 0.8879 0.0658 0.7338 0.8655
2023-02-08 18:38:14,287 - mmdet - INFO - Saving checkpoint at 10 epochs
2023-02-08 18:38:16,590 - mmdet - INFO - Evaluating bbox...
2023-02-08 18:38:16,615 - mmdet - INFO - 
 Average Precision  (AP) @[ IoU=0.50:0.95 | area=   all | maxDets=100 ] = 0.736
 Average Precision  (AP) @[ IoU=0.50      | area=   all | maxDets=1000 ] = 0.909
 Average Precision  (AP) @[ IoU=0.75      | area=   all | maxDets=1000 ] = 0.874
 Average Precision  (AP) @[ IoU=0.50:0.95 | area= small | maxDets=1000 ] = 0.038
 Average Precision  (AP) @[ IoU=0.50:0.95 | area=medium | maxDets=1000 ] = 0.708
 Average Precision  (AP) @[ IoU=0.50:0.95 | area= large | maxDets=1000 ] = 0.781
 Average Recall     (AR) @[ IoU=0.50:0.95 | area=   all | maxDets=100 ] = 0.798
 Average Recall     (AR) @[ IoU=0.50:0.95 | area=   all | maxDets=300 ] = 0.798
 Average Recall     (AR) @[ IoU=0.50:0.95 | area=   all | maxDets=1000 ] = 0.798
 Average Recall     (AR) @[ IoU=0.50:0.95 | area= small | maxDets=1000 ] = 0.150
 Average Recall     (AR) @[ IoU=0.50:0.95 | area=medium | maxDets=1000 ] = 0.800
 Average Recall     (AR) @[ IoU=0.50:0.95 | area= large | maxDets=1000 ] = 0.833

2023-02-08 18:38:16,615 - mmdet - INFO - Evaluating segm...
2023-02-08 18:38:16,646 - mmdet - INFO - 
 Average Precision  (AP) @[ IoU=0.50:0.95 | area=   all | maxDets=100 ] = 0.803
 Average Precision  (AP) @[ IoU=0.50      | area=   all | maxDets=1000 ] = 0.909
 Average Precision  (AP) @[ IoU=0.75      | area=   all | maxDets=1000 ] = 0.883
 Average Precision  (AP) @[ IoU=0.50:0.95 | area= small | maxDets=1000 ] = 0.025
 Average Precision  (AP) @[ IoU=0.50:0.95 | area=medium | maxDets=1000 ] = 0.741
 Average Precision  (AP) @[ IoU=0.50:0.95 | area= large | maxDets=1000 ] = 0.860
 Average Recall     (AR) @[ IoU=0.50:0.95 | area=   all | maxDets=100 ] = 0.848
 Average Recall     (AR) @[ IoU=0.50:0.95 | area=   all | maxDets=300 ] = 0.848
 Average Recall     (AR) @[ IoU=0.50:0.95 | area=   all | maxDets=1000 ] = 0.848
 Average Recall     (AR) @[ IoU=0.50:0.95 | area= small | maxDets=1000 ] = 0.250
 Average Recall     (AR) @[ IoU=0.50:0.95 | area=medium | maxDets=1000 ] = 0.825
 Average Recall     (AR) @[ IoU=0.50:0.95 | area= large | maxDets=1000 ] = 0.889

2023-02-08 18:38:16,646 - mmdet - INFO - Exp name: mask_rcnn_r50_fpn_2x_ballon.py
2023-02-08 18:38:16,646 - mmdet - INFO - Epoch(val) [10][13]	bbox_mAP: 0.7359, bbox_mAP_50: 0.9095, bbox_mAP_75: 0.8744, bbox_mAP_s: 0.0379, bbox_mAP_m: 0.7084, bbox_mAP_l: 0.7809, bbox_mAP_copypaste: 0.7359 0.9095 0.8744 0.0379 0.7084 0.7809, segm_mAP: 0.8026, segm_mAP_50: 0.9095, segm_mAP_75: 0.8830, segm_mAP_s: 0.0252, segm_mAP_m: 0.7408, segm_mAP_l: 0.8595, segm_mAP_copypaste: 0.8026 0.9095 0.8830 0.0252 0.7408 0.8595
2023-02-08 18:38:26,578 - mmdet - INFO - Evaluating bbox...
2023-02-08 18:38:26,602 - mmdet - INFO - 
 Average Precision  (AP) @[ IoU=0.50:0.95 | area=   all | maxDets=100 ] = 0.744
 Average Precision  (AP) @[ IoU=0.50      | area=   all | maxDets=1000 ] = 0.900
 Average Precision  (AP) @[ IoU=0.75      | area=   all | maxDets=1000 ] = 0.886
 Average Precision  (AP) @[ IoU=0.50:0.95 | area= small | maxDets=1000 ] = 0.000
 Average Precision  (AP) @[ IoU=0.50:0.95 | area=medium | maxDets=1000 ] = 0.716
 Average Precision  (AP) @[ IoU=0.50:0.95 | area= large | maxDets=1000 ] = 0.797
 Average Recall     (AR) @[ IoU=0.50:0.95 | area=   all | maxDets=100 ] = 0.800
 Average Recall     (AR) @[ IoU=0.50:0.95 | area=   all | maxDets=300 ] = 0.800
 Average Recall     (AR) @[ IoU=0.50:0.95 | area=   all | maxDets=1000 ] = 0.800
 Average Recall     (AR) @[ IoU=0.50:0.95 | area= small | maxDets=1000 ] = 0.000
 Average Recall     (AR) @[ IoU=0.50:0.95 | area=medium | maxDets=1000 ] = 0.792
 Average Recall     (AR) @[ IoU=0.50:0.95 | area= large | maxDets=1000 ] = 0.847

2023-02-08 18:38:26,602 - mmdet - INFO - Evaluating segm...
2023-02-08 18:38:26,630 - mmdet - INFO - 
 Average Precision  (AP) @[ IoU=0.50:0.95 | area=   all | maxDets=100 ] = 0.798
 Average Precision  (AP) @[ IoU=0.50      | area=   all | maxDets=1000 ] = 0.900
 Average Precision  (AP) @[ IoU=0.75      | area=   all | maxDets=1000 ] = 0.886
 Average Precision  (AP) @[ IoU=0.50:0.95 | area= small | maxDets=1000 ] = 0.000
 Average Precision  (AP) @[ IoU=0.50:0.95 | area=medium | maxDets=1000 ] = 0.729
 Average Precision  (AP) @[ IoU=0.50:0.95 | area= large | maxDets=1000 ] = 0.860
 Average Recall     (AR) @[ IoU=0.50:0.95 | area=   all | maxDets=100 ] = 0.838
 Average Recall     (AR) @[ IoU=0.50:0.95 | area=   all | maxDets=300 ] = 0.838
 Average Recall     (AR) @[ IoU=0.50:0.95 | area=   all | maxDets=1000 ] = 0.838
 Average Recall     (AR) @[ IoU=0.50:0.95 | area= small | maxDets=1000 ] = 0.000
 Average Recall     (AR) @[ IoU=0.50:0.95 | area=medium | maxDets=1000 ] = 0.825
 Average Recall     (AR) @[ IoU=0.50:0.95 | area= large | maxDets=1000 ] = 0.889

2023-02-08 18:38:26,630 - mmdet - INFO - Exp name: mask_rcnn_r50_fpn_2x_ballon.py
2023-02-08 18:38:26,630 - mmdet - INFO - Epoch(val) [11][13]	bbox_mAP: 0.7437, bbox_mAP_50: 0.8998, bbox_mAP_75: 0.8864, bbox_mAP_s: 0.0000, bbox_mAP_m: 0.7156, bbox_mAP_l: 0.7968, bbox_mAP_copypaste: 0.7437 0.8998 0.8864 0.0000 0.7156 0.7968, segm_mAP: 0.7984, segm_mAP_50: 0.8998, segm_mAP_75: 0.8864, segm_mAP_s: 0.0000, segm_mAP_m: 0.7285, segm_mAP_l: 0.8600, segm_mAP_copypaste: 0.7984 0.8998 0.8864 0.0000 0.7285 0.8600
2023-02-08 18:38:36,556 - mmdet - INFO - Evaluating bbox...
2023-02-08 18:38:36,579 - mmdet - INFO - 
 Average Precision  (AP) @[ IoU=0.50:0.95 | area=   all | maxDets=100 ] = 0.746
 Average Precision  (AP) @[ IoU=0.50      | area=   all | maxDets=1000 ] = 0.894
 Average Precision  (AP) @[ IoU=0.75      | area=   all | maxDets=1000 ] = 0.875
 Average Precision  (AP) @[ IoU=0.50:0.95 | area= small | maxDets=1000 ] = 0.000
 Average Precision  (AP) @[ IoU=0.50:0.95 | area=medium | maxDets=1000 ] = 0.698
 Average Precision  (AP) @[ IoU=0.50:0.95 | area= large | maxDets=1000 ] = 0.803
 Average Recall     (AR) @[ IoU=0.50:0.95 | area=   all | maxDets=100 ] = 0.792
 Average Recall     (AR) @[ IoU=0.50:0.95 | area=   all | maxDets=300 ] = 0.792
 Average Recall     (AR) @[ IoU=0.50:0.95 | area=   all | maxDets=1000 ] = 0.792
 Average Recall     (AR) @[ IoU=0.50:0.95 | area= small | maxDets=1000 ] = 0.000
 Average Recall     (AR) @[ IoU=0.50:0.95 | area=medium | maxDets=1000 ] = 0.742
 Average Recall     (AR) @[ IoU=0.50:0.95 | area= large | maxDets=1000 ] = 0.853

2023-02-08 18:38:36,579 - mmdet - INFO - Evaluating segm...
2023-02-08 18:38:36,607 - mmdet - INFO - 
 Average Precision  (AP) @[ IoU=0.50:0.95 | area=   all | maxDets=100 ] = 0.791
 Average Precision  (AP) @[ IoU=0.50      | area=   all | maxDets=1000 ] = 0.875
 Average Precision  (AP) @[ IoU=0.75      | area=   all | maxDets=1000 ] = 0.875
 Average Precision  (AP) @[ IoU=0.50:0.95 | area= small | maxDets=1000 ] = 0.000
 Average Precision  (AP) @[ IoU=0.50:0.95 | area=medium | maxDets=1000 ] = 0.706
 Average Precision  (AP) @[ IoU=0.50:0.95 | area= large | maxDets=1000 ] = 0.859
 Average Recall     (AR) @[ IoU=0.50:0.95 | area=   all | maxDets=100 ] = 0.824
 Average Recall     (AR) @[ IoU=0.50:0.95 | area=   all | maxDets=300 ] = 0.824
 Average Recall     (AR) @[ IoU=0.50:0.95 | area=   all | maxDets=1000 ] = 0.824
 Average Recall     (AR) @[ IoU=0.50:0.95 | area= small | maxDets=1000 ] = 0.000
 Average Recall     (AR) @[ IoU=0.50:0.95 | area=medium | maxDets=1000 ] = 0.767
 Average Recall     (AR) @[ IoU=0.50:0.95 | area= large | maxDets=1000 ] = 0.889

2023-02-08 18:38:36,607 - mmdet - INFO - Exp name: mask_rcnn_r50_fpn_2x_ballon.py
2023-02-08 18:38:36,607 - mmdet - INFO - Epoch(val) [12][13]	bbox_mAP: 0.7464, bbox_mAP_50: 0.8937, bbox_mAP_75: 0.8755, bbox_mAP_s: 0.0000, bbox_mAP_m: 0.6977, bbox_mAP_l: 0.8033, bbox_mAP_copypaste: 0.7464 0.8937 0.8755 0.0000 0.6977 0.8033, segm_mAP: 0.7907, segm_mAP_50: 0.8755, segm_mAP_75: 0.8755, segm_mAP_s: 0.0000, segm_mAP_m: 0.7061, segm_mAP_l: 0.8587, segm_mAP_copypaste: 0.7907 0.8755 0.8755 0.0000 0.7061 0.8587
2023-02-08 18:38:46,241 - mmdet - INFO - Evaluating bbox...
2023-02-08 18:38:46,262 - mmdet - INFO - 
 Average Precision  (AP) @[ IoU=0.50:0.95 | area=   all | maxDets=100 ] = 0.738
 Average Precision  (AP) @[ IoU=0.50      | area=   all | maxDets=1000 ] = 0.898
 Average Precision  (AP) @[ IoU=0.75      | area=   all | maxDets=1000 ] = 0.877
 Average Precision  (AP) @[ IoU=0.50:0.95 | area= small | maxDets=1000 ] = 0.000
 Average Precision  (AP) @[ IoU=0.50:0.95 | area=medium | maxDets=1000 ] = 0.687
 Average Precision  (AP) @[ IoU=0.50:0.95 | area= large | maxDets=1000 ] = 0.796
 Average Recall     (AR) @[ IoU=0.50:0.95 | area=   all | maxDets=100 ] = 0.780
 Average Recall     (AR) @[ IoU=0.50:0.95 | area=   all | maxDets=300 ] = 0.780
 Average Recall     (AR) @[ IoU=0.50:0.95 | area=   all | maxDets=1000 ] = 0.780
 Average Recall     (AR) @[ IoU=0.50:0.95 | area= small | maxDets=1000 ] = 0.000
 Average Recall     (AR) @[ IoU=0.50:0.95 | area=medium | maxDets=1000 ] = 0.733
 Average Recall     (AR) @[ IoU=0.50:0.95 | area= large | maxDets=1000 ] = 0.839

2023-02-08 18:38:46,262 - mmdet - INFO - Evaluating segm...
2023-02-08 18:38:46,287 - mmdet - INFO - 
 Average Precision  (AP) @[ IoU=0.50:0.95 | area=   all | maxDets=100 ] = 0.797
 Average Precision  (AP) @[ IoU=0.50      | area=   all | maxDets=1000 ] = 0.898
 Average Precision  (AP) @[ IoU=0.75      | area=   all | maxDets=1000 ] = 0.877
 Average Precision  (AP) @[ IoU=0.50:0.95 | area= small | maxDets=1000 ] = 0.000
 Average Precision  (AP) @[ IoU=0.50:0.95 | area=medium | maxDets=1000 ] = 0.709
 Average Precision  (AP) @[ IoU=0.50:0.95 | area= large | maxDets=1000 ] = 0.868
 Average Recall     (AR) @[ IoU=0.50:0.95 | area=   all | maxDets=100 ] = 0.826
 Average Recall     (AR) @[ IoU=0.50:0.95 | area=   all | maxDets=300 ] = 0.826
 Average Recall     (AR) @[ IoU=0.50:0.95 | area=   all | maxDets=1000 ] = 0.826
 Average Recall     (AR) @[ IoU=0.50:0.95 | area= small | maxDets=1000 ] = 0.000
 Average Recall     (AR) @[ IoU=0.50:0.95 | area=medium | maxDets=1000 ] = 0.767
 Average Recall     (AR) @[ IoU=0.50:0.95 | area= large | maxDets=1000 ] = 0.892

2023-02-08 18:38:46,287 - mmdet - INFO - Exp name: mask_rcnn_r50_fpn_2x_ballon.py
2023-02-08 18:38:46,287 - mmdet - INFO - Epoch(val) [13][13]	bbox_mAP: 0.7377, bbox_mAP_50: 0.8979, bbox_mAP_75: 0.8773, bbox_mAP_s: 0.0000, bbox_mAP_m: 0.6872, bbox_mAP_l: 0.7956, bbox_mAP_copypaste: 0.7377 0.8979 0.8773 0.0000 0.6872 0.7956, segm_mAP: 0.7967, segm_mAP_50: 0.8979, segm_mAP_75: 0.8773, segm_mAP_s: 0.0000, segm_mAP_m: 0.7092, segm_mAP_l: 0.8679, segm_mAP_copypaste: 0.7967 0.8979 0.8773 0.0000 0.7092 0.8679
2023-02-08 18:38:55,973 - mmdet - INFO - Evaluating bbox...
2023-02-08 18:38:55,995 - mmdet - INFO - 
 Average Precision  (AP) @[ IoU=0.50:0.95 | area=   all | maxDets=100 ] = 0.727
 Average Precision  (AP) @[ IoU=0.50      | area=   all | maxDets=1000 ] = 0.895
 Average Precision  (AP) @[ IoU=0.75      | area=   all | maxDets=1000 ] = 0.895
 Average Precision  (AP) @[ IoU=0.50:0.95 | area= small | maxDets=1000 ] = 0.081
 Average Precision  (AP) @[ IoU=0.50:0.95 | area=medium | maxDets=1000 ] = 0.681
 Average Precision  (AP) @[ IoU=0.50:0.95 | area= large | maxDets=1000 ] = 0.777
 Average Recall     (AR) @[ IoU=0.50:0.95 | area=   all | maxDets=100 ] = 0.794
 Average Recall     (AR) @[ IoU=0.50:0.95 | area=   all | maxDets=300 ] = 0.794
 Average Recall     (AR) @[ IoU=0.50:0.95 | area=   all | maxDets=1000 ] = 0.794
 Average Recall     (AR) @[ IoU=0.50:0.95 | area= small | maxDets=1000 ] = 0.400
 Average Recall     (AR) @[ IoU=0.50:0.95 | area=medium | maxDets=1000 ] = 0.733
 Average Recall     (AR) @[ IoU=0.50:0.95 | area= large | maxDets=1000 ] = 0.836

2023-02-08 18:38:55,995 - mmdet - INFO - Evaluating segm...
2023-02-08 18:38:56,020 - mmdet - INFO - 
 Average Precision  (AP) @[ IoU=0.50:0.95 | area=   all | maxDets=100 ] = 0.800
 Average Precision  (AP) @[ IoU=0.50      | area=   all | maxDets=1000 ] = 0.895
 Average Precision  (AP) @[ IoU=0.75      | area=   all | maxDets=1000 ] = 0.878
 Average Precision  (AP) @[ IoU=0.50:0.95 | area= small | maxDets=1000 ] = 0.065
 Average Precision  (AP) @[ IoU=0.50:0.95 | area=medium | maxDets=1000 ] = 0.705
 Average Precision  (AP) @[ IoU=0.50:0.95 | area= large | maxDets=1000 ] = 0.862
 Average Recall     (AR) @[ IoU=0.50:0.95 | area=   all | maxDets=100 ] = 0.848
 Average Recall     (AR) @[ IoU=0.50:0.95 | area=   all | maxDets=300 ] = 0.848
 Average Recall     (AR) @[ IoU=0.50:0.95 | area=   all | maxDets=1000 ] = 0.848
 Average Recall     (AR) @[ IoU=0.50:0.95 | area= small | maxDets=1000 ] = 0.450
 Average Recall     (AR) @[ IoU=0.50:0.95 | area=medium | maxDets=1000 ] = 0.767
 Average Recall     (AR) @[ IoU=0.50:0.95 | area= large | maxDets=1000 ] = 0.897

2023-02-08 18:38:56,021 - mmdet - INFO - Exp name: mask_rcnn_r50_fpn_2x_ballon.py
2023-02-08 18:38:56,021 - mmdet - INFO - Epoch(val) [14][13]	bbox_mAP: 0.7269, bbox_mAP_50: 0.8948, bbox_mAP_75: 0.8948, bbox_mAP_s: 0.0808, bbox_mAP_m: 0.6809, bbox_mAP_l: 0.7771, bbox_mAP_copypaste: 0.7269 0.8948 0.8948 0.0808 0.6809 0.7771, segm_mAP: 0.7999, segm_mAP_50: 0.8948, segm_mAP_75: 0.8779, segm_mAP_s: 0.0649, segm_mAP_m: 0.7050, segm_mAP_l: 0.8622, segm_mAP_copypaste: 0.7999 0.8948 0.8779 0.0649 0.7050 0.8622
2023-02-08 18:39:05,584 - mmdet - INFO - Evaluating bbox...
2023-02-08 18:39:05,605 - mmdet - INFO - 
 Average Precision  (AP) @[ IoU=0.50:0.95 | area=   all | maxDets=100 ] = 0.732
 Average Precision  (AP) @[ IoU=0.50      | area=   all | maxDets=1000 ] = 0.892
 Average Precision  (AP) @[ IoU=0.75      | area=   all | maxDets=1000 ] = 0.874
 Average Precision  (AP) @[ IoU=0.50:0.95 | area= small | maxDets=1000 ] = 0.000
 Average Precision  (AP) @[ IoU=0.50:0.95 | area=medium | maxDets=1000 ] = 0.681
 Average Precision  (AP) @[ IoU=0.50:0.95 | area= large | maxDets=1000 ] = 0.788
 Average Recall     (AR) @[ IoU=0.50:0.95 | area=   all | maxDets=100 ] = 0.784
 Average Recall     (AR) @[ IoU=0.50:0.95 | area=   all | maxDets=300 ] = 0.784
 Average Recall     (AR) @[ IoU=0.50:0.95 | area=   all | maxDets=1000 ] = 0.784
 Average Recall     (AR) @[ IoU=0.50:0.95 | area= small | maxDets=1000 ] = 0.000
 Average Recall     (AR) @[ IoU=0.50:0.95 | area=medium | maxDets=1000 ] = 0.742
 Average Recall     (AR) @[ IoU=0.50:0.95 | area= large | maxDets=1000 ] = 0.842

2023-02-08 18:39:05,605 - mmdet - INFO - Evaluating segm...
2023-02-08 18:39:05,629 - mmdet - INFO - 
 Average Precision  (AP) @[ IoU=0.50:0.95 | area=   all | maxDets=100 ] = 0.786
 Average Precision  (AP) @[ IoU=0.50      | area=   all | maxDets=1000 ] = 0.874
 Average Precision  (AP) @[ IoU=0.75      | area=   all | maxDets=1000 ] = 0.874
 Average Precision  (AP) @[ IoU=0.50:0.95 | area= small | maxDets=1000 ] = 0.000
 Average Precision  (AP) @[ IoU=0.50:0.95 | area=medium | maxDets=1000 ] = 0.696
 Average Precision  (AP) @[ IoU=0.50:0.95 | area= large | maxDets=1000 ] = 0.856
 Average Recall     (AR) @[ IoU=0.50:0.95 | area=   all | maxDets=100 ] = 0.820
 Average Recall     (AR) @[ IoU=0.50:0.95 | area=   all | maxDets=300 ] = 0.820
 Average Recall     (AR) @[ IoU=0.50:0.95 | area=   all | maxDets=1000 ] = 0.820
 Average Recall     (AR) @[ IoU=0.50:0.95 | area= small | maxDets=1000 ] = 0.000
 Average Recall     (AR) @[ IoU=0.50:0.95 | area=medium | maxDets=1000 ] = 0.758
 Average Recall     (AR) @[ IoU=0.50:0.95 | area= large | maxDets=1000 ] = 0.886

2023-02-08 18:39:05,629 - mmdet - INFO - Exp name: mask_rcnn_r50_fpn_2x_ballon.py
2023-02-08 18:39:05,629 - mmdet - INFO - Epoch(val) [15][13]	bbox_mAP: 0.7319, bbox_mAP_50: 0.8921, bbox_mAP_75: 0.8740, bbox_mAP_s: 0.0000, bbox_mAP_m: 0.6810, bbox_mAP_l: 0.7880, bbox_mAP_copypaste: 0.7319 0.8921 0.8740 0.0000 0.6810 0.7880, segm_mAP: 0.7865, segm_mAP_50: 0.8740, segm_mAP_75: 0.8740, segm_mAP_s: 0.0000, segm_mAP_m: 0.6964, segm_mAP_l: 0.8556, segm_mAP_copypaste: 0.7865 0.8740 0.8740 0.0000 0.6964 0.8556
2023-02-08 18:39:15,307 - mmdet - INFO - Evaluating bbox...
2023-02-08 18:39:15,328 - mmdet - INFO - 
 Average Precision  (AP) @[ IoU=0.50:0.95 | area=   all | maxDets=100 ] = 0.748
 Average Precision  (AP) @[ IoU=0.50      | area=   all | maxDets=1000 ] = 0.893
 Average Precision  (AP) @[ IoU=0.75      | area=   all | maxDets=1000 ] = 0.893
 Average Precision  (AP) @[ IoU=0.50:0.95 | area= small | maxDets=1000 ] = 0.177
 Average Precision  (AP) @[ IoU=0.50:0.95 | area=medium | maxDets=1000 ] = 0.664
 Average Precision  (AP) @[ IoU=0.50:0.95 | area= large | maxDets=1000 ] = 0.801
 Average Recall     (AR) @[ IoU=0.50:0.95 | area=   all | maxDets=100 ] = 0.816
 Average Recall     (AR) @[ IoU=0.50:0.95 | area=   all | maxDets=300 ] = 0.816
 Average Recall     (AR) @[ IoU=0.50:0.95 | area=   all | maxDets=1000 ] = 0.816
 Average Recall     (AR) @[ IoU=0.50:0.95 | area= small | maxDets=1000 ] = 0.350
 Average Recall     (AR) @[ IoU=0.50:0.95 | area=medium | maxDets=1000 ] = 0.767
 Average Recall     (AR) @[ IoU=0.50:0.95 | area= large | maxDets=1000 ] = 0.858

2023-02-08 18:39:15,328 - mmdet - INFO - Evaluating segm...
2023-02-08 18:39:15,352 - mmdet - INFO - 
 Average Precision  (AP) @[ IoU=0.50:0.95 | area=   all | maxDets=100 ] = 0.789
 Average Precision  (AP) @[ IoU=0.50      | area=   all | maxDets=1000 ] = 0.893
 Average Precision  (AP) @[ IoU=0.75      | area=   all | maxDets=1000 ] = 0.879
 Average Precision  (AP) @[ IoU=0.50:0.95 | area= small | maxDets=1000 ] = 0.135
 Average Precision  (AP) @[ IoU=0.50:0.95 | area=medium | maxDets=1000 ] = 0.658
 Average Precision  (AP) @[ IoU=0.50:0.95 | area= large | maxDets=1000 ] = 0.854
 Average Recall     (AR) @[ IoU=0.50:0.95 | area=   all | maxDets=100 ] = 0.838
 Average Recall     (AR) @[ IoU=0.50:0.95 | area=   all | maxDets=300 ] = 0.838
 Average Recall     (AR) @[ IoU=0.50:0.95 | area=   all | maxDets=1000 ] = 0.838
 Average Recall     (AR) @[ IoU=0.50:0.95 | area= small | maxDets=1000 ] = 0.400
 Average Recall     (AR) @[ IoU=0.50:0.95 | area=medium | maxDets=1000 ] = 0.758
 Average Recall     (AR) @[ IoU=0.50:0.95 | area= large | maxDets=1000 ] = 0.889

2023-02-08 18:39:15,352 - mmdet - INFO - Exp name: mask_rcnn_r50_fpn_2x_ballon.py
2023-02-08 18:39:15,352 - mmdet - INFO - Epoch(val) [16][13]	bbox_mAP: 0.7478, bbox_mAP_50: 0.8934, bbox_mAP_75: 0.8934, bbox_mAP_s: 0.1767, bbox_mAP_m: 0.6637, bbox_mAP_l: 0.8014, bbox_mAP_copypaste: 0.7478 0.8934 0.8934 0.1767 0.6637 0.8014, segm_mAP: 0.7888, segm_mAP_50: 0.8934, segm_mAP_75: 0.8795, segm_mAP_s: 0.1347, segm_mAP_m: 0.6576, segm_mAP_l: 0.8536, segm_mAP_copypaste: 0.7888 0.8934 0.8795 0.1347 0.6576 0.8536
2023-02-08 18:39:25,081 - mmdet - INFO - Evaluating bbox...
2023-02-08 18:39:25,102 - mmdet - INFO - 
 Average Precision  (AP) @[ IoU=0.50:0.95 | area=   all | maxDets=100 ] = 0.748
 Average Precision  (AP) @[ IoU=0.50      | area=   all | maxDets=1000 ] = 0.894
 Average Precision  (AP) @[ IoU=0.75      | area=   all | maxDets=1000 ] = 0.881
 Average Precision  (AP) @[ IoU=0.50:0.95 | area= small | maxDets=1000 ] = 0.353
 Average Precision  (AP) @[ IoU=0.50:0.95 | area=medium | maxDets=1000 ] = 0.675
 Average Precision  (AP) @[ IoU=0.50:0.95 | area= large | maxDets=1000 ] = 0.800
 Average Recall     (AR) @[ IoU=0.50:0.95 | area=   all | maxDets=100 ] = 0.810
 Average Recall     (AR) @[ IoU=0.50:0.95 | area=   all | maxDets=300 ] = 0.810
 Average Recall     (AR) @[ IoU=0.50:0.95 | area=   all | maxDets=1000 ] = 0.810
 Average Recall     (AR) @[ IoU=0.50:0.95 | area= small | maxDets=1000 ] = 0.350
 Average Recall     (AR) @[ IoU=0.50:0.95 | area=medium | maxDets=1000 ] = 0.758
 Average Recall     (AR) @[ IoU=0.50:0.95 | area= large | maxDets=1000 ] = 0.853

2023-02-08 18:39:25,102 - mmdet - INFO - Evaluating segm...
2023-02-08 18:39:25,127 - mmdet - INFO - 
 Average Precision  (AP) @[ IoU=0.50:0.95 | area=   all | maxDets=100 ] = 0.795
 Average Precision  (AP) @[ IoU=0.50      | area=   all | maxDets=1000 ] = 0.894
 Average Precision  (AP) @[ IoU=0.75      | area=   all | maxDets=1000 ] = 0.881
 Average Precision  (AP) @[ IoU=0.50:0.95 | area= small | maxDets=1000 ] = 0.227
 Average Precision  (AP) @[ IoU=0.50:0.95 | area=medium | maxDets=1000 ] = 0.660
 Average Precision  (AP) @[ IoU=0.50:0.95 | area= large | maxDets=1000 ] = 0.859
 Average Recall     (AR) @[ IoU=0.50:0.95 | area=   all | maxDets=100 ] = 0.844
 Average Recall     (AR) @[ IoU=0.50:0.95 | area=   all | maxDets=300 ] = 0.844
 Average Recall     (AR) @[ IoU=0.50:0.95 | area=   all | maxDets=1000 ] = 0.844
 Average Recall     (AR) @[ IoU=0.50:0.95 | area= small | maxDets=1000 ] = 0.450
 Average Recall     (AR) @[ IoU=0.50:0.95 | area=medium | maxDets=1000 ] = 0.767
 Average Recall     (AR) @[ IoU=0.50:0.95 | area= large | maxDets=1000 ] = 0.892

2023-02-08 18:39:25,127 - mmdet - INFO - Exp name: mask_rcnn_r50_fpn_2x_ballon.py
2023-02-08 18:39:25,127 - mmdet - INFO - Epoch(val) [17][13]	bbox_mAP: 0.7479, bbox_mAP_50: 0.8939, bbox_mAP_75: 0.8806, bbox_mAP_s: 0.3535, bbox_mAP_m: 0.6750, bbox_mAP_l: 0.8000, bbox_mAP_copypaste: 0.7479 0.8939 0.8806 0.3535 0.6750 0.8000, segm_mAP: 0.7945, segm_mAP_50: 0.8939, segm_mAP_75: 0.8806, segm_mAP_s: 0.2272, segm_mAP_m: 0.6598, segm_mAP_l: 0.8586, segm_mAP_copypaste: 0.7945 0.8939 0.8806 0.2272 0.6598 0.8586
2023-02-08 18:39:34,769 - mmdet - INFO - Evaluating bbox...
2023-02-08 18:39:34,790 - mmdet - INFO - 
 Average Precision  (AP) @[ IoU=0.50:0.95 | area=   all | maxDets=100 ] = 0.767
 Average Precision  (AP) @[ IoU=0.50      | area=   all | maxDets=1000 ] = 0.910
 Average Precision  (AP) @[ IoU=0.75      | area=   all | maxDets=1000 ] = 0.881
 Average Precision  (AP) @[ IoU=0.50:0.95 | area= small | maxDets=1000 ] = 0.287
 Average Precision  (AP) @[ IoU=0.50:0.95 | area=medium | maxDets=1000 ] = 0.698
 Average Precision  (AP) @[ IoU=0.50:0.95 | area= large | maxDets=1000 ] = 0.813
 Average Recall     (AR) @[ IoU=0.50:0.95 | area=   all | maxDets=100 ] = 0.826
 Average Recall     (AR) @[ IoU=0.50:0.95 | area=   all | maxDets=300 ] = 0.826
 Average Recall     (AR) @[ IoU=0.50:0.95 | area=   all | maxDets=1000 ] = 0.826
 Average Recall     (AR) @[ IoU=0.50:0.95 | area= small | maxDets=1000 ] = 0.600
 Average Recall     (AR) @[ IoU=0.50:0.95 | area=medium | maxDets=1000 ] = 0.767
 Average Recall     (AR) @[ IoU=0.50:0.95 | area= large | maxDets=1000 ] = 0.858

2023-02-08 18:39:34,790 - mmdet - INFO - Evaluating segm...
2023-02-08 18:39:34,815 - mmdet - INFO - 
 Average Precision  (AP) @[ IoU=0.50:0.95 | area=   all | maxDets=100 ] = 0.798
 Average Precision  (AP) @[ IoU=0.50      | area=   all | maxDets=1000 ] = 0.910
 Average Precision  (AP) @[ IoU=0.75      | area=   all | maxDets=1000 ] = 0.886
 Average Precision  (AP) @[ IoU=0.50:0.95 | area= small | maxDets=1000 ] = 0.175
 Average Precision  (AP) @[ IoU=0.50:0.95 | area=medium | maxDets=1000 ] = 0.676
 Average Precision  (AP) @[ IoU=0.50:0.95 | area= large | maxDets=1000 ] = 0.856
 Average Recall     (AR) @[ IoU=0.50:0.95 | area=   all | maxDets=100 ] = 0.852
 Average Recall     (AR) @[ IoU=0.50:0.95 | area=   all | maxDets=300 ] = 0.852
 Average Recall     (AR) @[ IoU=0.50:0.95 | area=   all | maxDets=1000 ] = 0.852
 Average Recall     (AR) @[ IoU=0.50:0.95 | area= small | maxDets=1000 ] = 0.700
 Average Recall     (AR) @[ IoU=0.50:0.95 | area=medium | maxDets=1000 ] = 0.767
 Average Recall     (AR) @[ IoU=0.50:0.95 | area= large | maxDets=1000 ] = 0.889

2023-02-08 18:39:34,815 - mmdet - INFO - Exp name: mask_rcnn_r50_fpn_2x_ballon.py
2023-02-08 18:39:34,815 - mmdet - INFO - Epoch(val) [18][13]	bbox_mAP: 0.7671, bbox_mAP_50: 0.9100, bbox_mAP_75: 0.8815, bbox_mAP_s: 0.2866, bbox_mAP_m: 0.6976, bbox_mAP_l: 0.8130, bbox_mAP_copypaste: 0.7671 0.9100 0.8815 0.2866 0.6976 0.8130, segm_mAP: 0.7976, segm_mAP_50: 0.9100, segm_mAP_75: 0.8864, segm_mAP_s: 0.1752, segm_mAP_m: 0.6760, segm_mAP_l: 0.8564, segm_mAP_copypaste: 0.7976 0.9100 0.8864 0.1752 0.6760 0.8564
2023-02-08 18:39:44,512 - mmdet - INFO - Evaluating bbox...
2023-02-08 18:39:44,533 - mmdet - INFO - 
 Average Precision  (AP) @[ IoU=0.50:0.95 | area=   all | maxDets=100 ] = 0.768
 Average Precision  (AP) @[ IoU=0.50      | area=   all | maxDets=1000 ] = 0.896
 Average Precision  (AP) @[ IoU=0.75      | area=   all | maxDets=1000 ] = 0.882
 Average Precision  (AP) @[ IoU=0.50:0.95 | area= small | maxDets=1000 ] = 0.227
 Average Precision  (AP) @[ IoU=0.50:0.95 | area=medium | maxDets=1000 ] = 0.703
 Average Precision  (AP) @[ IoU=0.50:0.95 | area= large | maxDets=1000 ] = 0.818
 Average Recall     (AR) @[ IoU=0.50:0.95 | area=   all | maxDets=100 ] = 0.826
 Average Recall     (AR) @[ IoU=0.50:0.95 | area=   all | maxDets=300 ] = 0.826
 Average Recall     (AR) @[ IoU=0.50:0.95 | area=   all | maxDets=1000 ] = 0.826
 Average Recall     (AR) @[ IoU=0.50:0.95 | area= small | maxDets=1000 ] = 0.450
 Average Recall     (AR) @[ IoU=0.50:0.95 | area=medium | maxDets=1000 ] = 0.775
 Average Recall     (AR) @[ IoU=0.50:0.95 | area= large | maxDets=1000 ] = 0.864

2023-02-08 18:39:44,533 - mmdet - INFO - Evaluating segm...
2023-02-08 18:39:44,557 - mmdet - INFO - 
 Average Precision  (AP) @[ IoU=0.50:0.95 | area=   all | maxDets=100 ] = 0.794
 Average Precision  (AP) @[ IoU=0.50      | area=   all | maxDets=1000 ] = 0.896
 Average Precision  (AP) @[ IoU=0.75      | area=   all | maxDets=1000 ] = 0.882
 Average Precision  (AP) @[ IoU=0.50:0.95 | area= small | maxDets=1000 ] = 0.135
 Average Precision  (AP) @[ IoU=0.50:0.95 | area=medium | maxDets=1000 ] = 0.678
 Average Precision  (AP) @[ IoU=0.50:0.95 | area= large | maxDets=1000 ] = 0.856
 Average Recall     (AR) @[ IoU=0.50:0.95 | area=   all | maxDets=100 ] = 0.840
 Average Recall     (AR) @[ IoU=0.50:0.95 | area=   all | maxDets=300 ] = 0.840
 Average Recall     (AR) @[ IoU=0.50:0.95 | area=   all | maxDets=1000 ] = 0.840
 Average Recall     (AR) @[ IoU=0.50:0.95 | area= small | maxDets=1000 ] = 0.400
 Average Recall     (AR) @[ IoU=0.50:0.95 | area=medium | maxDets=1000 ] = 0.767
 Average Recall     (AR) @[ IoU=0.50:0.95 | area= large | maxDets=1000 ] = 0.889

2023-02-08 18:39:44,557 - mmdet - INFO - Exp name: mask_rcnn_r50_fpn_2x_ballon.py
2023-02-08 18:39:44,557 - mmdet - INFO - Epoch(val) [19][13]	bbox_mAP: 0.7683, bbox_mAP_50: 0.8955, bbox_mAP_75: 0.8818, bbox_mAP_s: 0.2272, bbox_mAP_m: 0.7033, bbox_mAP_l: 0.8179, bbox_mAP_copypaste: 0.7683 0.8955 0.8818 0.2272 0.7033 0.8179, segm_mAP: 0.7943, segm_mAP_50: 0.8955, segm_mAP_75: 0.8818, segm_mAP_s: 0.1347, segm_mAP_m: 0.6783, segm_mAP_l: 0.8564, segm_mAP_copypaste: 0.7943 0.8955 0.8818 0.1347 0.6783 0.8564
2023-02-08 18:39:52,813 - mmdet - INFO - Saving checkpoint at 20 epochs
2023-02-08 18:39:54,640 - mmdet - INFO - Evaluating bbox...
2023-02-08 18:39:54,660 - mmdet - INFO - 
 Average Precision  (AP) @[ IoU=0.50:0.95 | area=   all | maxDets=100 ] = 0.765
 Average Precision  (AP) @[ IoU=0.50      | area=   all | maxDets=1000 ] = 0.896
 Average Precision  (AP) @[ IoU=0.75      | area=   all | maxDets=1000 ] = 0.882
 Average Precision  (AP) @[ IoU=0.50:0.95 | area= small | maxDets=1000 ] = 0.404
 Average Precision  (AP) @[ IoU=0.50:0.95 | area=medium | maxDets=1000 ] = 0.693
 Average Precision  (AP) @[ IoU=0.50:0.95 | area= large | maxDets=1000 ] = 0.819
 Average Recall     (AR) @[ IoU=0.50:0.95 | area=   all | maxDets=100 ] = 0.826
 Average Recall     (AR) @[ IoU=0.50:0.95 | area=   all | maxDets=300 ] = 0.826
 Average Recall     (AR) @[ IoU=0.50:0.95 | area=   all | maxDets=1000 ] = 0.826
 Average Recall     (AR) @[ IoU=0.50:0.95 | area= small | maxDets=1000 ] = 0.400
 Average Recall     (AR) @[ IoU=0.50:0.95 | area=medium | maxDets=1000 ] = 0.767
 Average Recall     (AR) @[ IoU=0.50:0.95 | area= large | maxDets=1000 ] = 0.869

2023-02-08 18:39:54,660 - mmdet - INFO - Evaluating segm...
2023-02-08 18:39:54,684 - mmdet - INFO - 
 Average Precision  (AP) @[ IoU=0.50:0.95 | area=   all | maxDets=100 ] = 0.792
 Average Precision  (AP) @[ IoU=0.50      | area=   all | maxDets=1000 ] = 0.896
 Average Precision  (AP) @[ IoU=0.75      | area=   all | maxDets=1000 ] = 0.882
 Average Precision  (AP) @[ IoU=0.50:0.95 | area= small | maxDets=1000 ] = 0.202
 Average Precision  (AP) @[ IoU=0.50:0.95 | area=medium | maxDets=1000 ] = 0.677
 Average Precision  (AP) @[ IoU=0.50:0.95 | area= large | maxDets=1000 ] = 0.856
 Average Recall     (AR) @[ IoU=0.50:0.95 | area=   all | maxDets=100 ] = 0.838
 Average Recall     (AR) @[ IoU=0.50:0.95 | area=   all | maxDets=300 ] = 0.838
 Average Recall     (AR) @[ IoU=0.50:0.95 | area=   all | maxDets=1000 ] = 0.838
 Average Recall     (AR) @[ IoU=0.50:0.95 | area= small | maxDets=1000 ] = 0.400
 Average Recall     (AR) @[ IoU=0.50:0.95 | area=medium | maxDets=1000 ] = 0.758
 Average Recall     (AR) @[ IoU=0.50:0.95 | area= large | maxDets=1000 ] = 0.889

2023-02-08 18:39:54,684 - mmdet - INFO - Exp name: mask_rcnn_r50_fpn_2x_ballon.py
2023-02-08 18:39:54,685 - mmdet - INFO - Epoch(val) [20][13]	bbox_mAP: 0.7649, bbox_mAP_50: 0.8956, bbox_mAP_75: 0.8824, bbox_mAP_s: 0.4040, bbox_mAP_m: 0.6930, bbox_mAP_l: 0.8193, bbox_mAP_copypaste: 0.7649 0.8956 0.8824 0.4040 0.6930 0.8193, segm_mAP: 0.7923, segm_mAP_50: 0.8956, segm_mAP_75: 0.8824, segm_mAP_s: 0.2020, segm_mAP_m: 0.6772, segm_mAP_l: 0.8564, segm_mAP_copypaste: 0.7923 0.8956 0.8824 0.2020 0.6772 0.8564
2023-02-08 18:40:04,497 - mmdet - INFO - Evaluating bbox...
2023-02-08 18:40:04,518 - mmdet - INFO - 
 Average Precision  (AP) @[ IoU=0.50:0.95 | area=   all | maxDets=100 ] = 0.769
 Average Precision  (AP) @[ IoU=0.50      | area=   all | maxDets=1000 ] = 0.896
 Average Precision  (AP) @[ IoU=0.75      | area=   all | maxDets=1000 ] = 0.896
 Average Precision  (AP) @[ IoU=0.50:0.95 | area= small | maxDets=1000 ] = 0.454
 Average Precision  (AP) @[ IoU=0.50:0.95 | area=medium | maxDets=1000 ] = 0.698
 Average Precision  (AP) @[ IoU=0.50:0.95 | area= large | maxDets=1000 ] = 0.822
 Average Recall     (AR) @[ IoU=0.50:0.95 | area=   all | maxDets=100 ] = 0.828
 Average Recall     (AR) @[ IoU=0.50:0.95 | area=   all | maxDets=300 ] = 0.828
 Average Recall     (AR) @[ IoU=0.50:0.95 | area=   all | maxDets=1000 ] = 0.828
 Average Recall     (AR) @[ IoU=0.50:0.95 | area= small | maxDets=1000 ] = 0.450
 Average Recall     (AR) @[ IoU=0.50:0.95 | area=medium | maxDets=1000 ] = 0.767
 Average Recall     (AR) @[ IoU=0.50:0.95 | area= large | maxDets=1000 ] = 0.869

2023-02-08 18:40:04,518 - mmdet - INFO - Evaluating segm...
2023-02-08 18:40:04,542 - mmdet - INFO - 
 Average Precision  (AP) @[ IoU=0.50:0.95 | area=   all | maxDets=100 ] = 0.793
 Average Precision  (AP) @[ IoU=0.50      | area=   all | maxDets=1000 ] = 0.896
 Average Precision  (AP) @[ IoU=0.75      | area=   all | maxDets=1000 ] = 0.882
 Average Precision  (AP) @[ IoU=0.50:0.95 | area= small | maxDets=1000 ] = 0.404
 Average Precision  (AP) @[ IoU=0.50:0.95 | area=medium | maxDets=1000 ] = 0.674
 Average Precision  (AP) @[ IoU=0.50:0.95 | area= large | maxDets=1000 ] = 0.856
 Average Recall     (AR) @[ IoU=0.50:0.95 | area=   all | maxDets=100 ] = 0.838
 Average Recall     (AR) @[ IoU=0.50:0.95 | area=   all | maxDets=300 ] = 0.838
 Average Recall     (AR) @[ IoU=0.50:0.95 | area=   all | maxDets=1000 ] = 0.838
 Average Recall     (AR) @[ IoU=0.50:0.95 | area= small | maxDets=1000 ] = 0.400
 Average Recall     (AR) @[ IoU=0.50:0.95 | area=medium | maxDets=1000 ] = 0.758
 Average Recall     (AR) @[ IoU=0.50:0.95 | area= large | maxDets=1000 ] = 0.889

2023-02-08 18:40:04,542 - mmdet - INFO - Exp name: mask_rcnn_r50_fpn_2x_ballon.py
2023-02-08 18:40:04,542 - mmdet - INFO - Epoch(val) [21][13]	bbox_mAP: 0.7693, bbox_mAP_50: 0.8958, bbox_mAP_75: 0.8958, bbox_mAP_s: 0.4545, bbox_mAP_m: 0.6978, bbox_mAP_l: 0.8222, bbox_mAP_copypaste: 0.7693 0.8958 0.8958 0.4545 0.6978 0.8222, segm_mAP: 0.7927, segm_mAP_50: 0.8958, segm_mAP_75: 0.8823, segm_mAP_s: 0.4040, segm_mAP_m: 0.6745, segm_mAP_l: 0.8564, segm_mAP_copypaste: 0.7927 0.8958 0.8823 0.4040 0.6745 0.8564
2023-02-08 18:40:14,411 - mmdet - INFO - Evaluating bbox...
2023-02-08 18:40:14,432 - mmdet - INFO - 
 Average Precision  (AP) @[ IoU=0.50:0.95 | area=   all | maxDets=100 ] = 0.763
 Average Precision  (AP) @[ IoU=0.50      | area=   all | maxDets=1000 ] = 0.896
 Average Precision  (AP) @[ IoU=0.75      | area=   all | maxDets=1000 ] = 0.883
 Average Precision  (AP) @[ IoU=0.50:0.95 | area= small | maxDets=1000 ] = 0.454
 Average Precision  (AP) @[ IoU=0.50:0.95 | area=medium | maxDets=1000 ] = 0.703
 Average Precision  (AP) @[ IoU=0.50:0.95 | area= large | maxDets=1000 ] = 0.812
 Average Recall     (AR) @[ IoU=0.50:0.95 | area=   all | maxDets=100 ] = 0.822
 Average Recall     (AR) @[ IoU=0.50:0.95 | area=   all | maxDets=300 ] = 0.822
 Average Recall     (AR) @[ IoU=0.50:0.95 | area=   all | maxDets=1000 ] = 0.822
 Average Recall     (AR) @[ IoU=0.50:0.95 | area= small | maxDets=1000 ] = 0.450
 Average Recall     (AR) @[ IoU=0.50:0.95 | area=medium | maxDets=1000 ] = 0.775
 Average Recall     (AR) @[ IoU=0.50:0.95 | area= large | maxDets=1000 ] = 0.858

2023-02-08 18:40:14,432 - mmdet - INFO - Evaluating segm...
2023-02-08 18:40:14,456 - mmdet - INFO - 
 Average Precision  (AP) @[ IoU=0.50:0.95 | area=   all | maxDets=100 ] = 0.793
 Average Precision  (AP) @[ IoU=0.50      | area=   all | maxDets=1000 ] = 0.896
 Average Precision  (AP) @[ IoU=0.75      | area=   all | maxDets=1000 ] = 0.883
 Average Precision  (AP) @[ IoU=0.50:0.95 | area= small | maxDets=1000 ] = 0.404
 Average Precision  (AP) @[ IoU=0.50:0.95 | area=medium | maxDets=1000 ] = 0.674
 Average Precision  (AP) @[ IoU=0.50:0.95 | area= large | maxDets=1000 ] = 0.858
 Average Recall     (AR) @[ IoU=0.50:0.95 | area=   all | maxDets=100 ] = 0.838
 Average Recall     (AR) @[ IoU=0.50:0.95 | area=   all | maxDets=300 ] = 0.838
 Average Recall     (AR) @[ IoU=0.50:0.95 | area=   all | maxDets=1000 ] = 0.838
 Average Recall     (AR) @[ IoU=0.50:0.95 | area= small | maxDets=1000 ] = 0.400
 Average Recall     (AR) @[ IoU=0.50:0.95 | area=medium | maxDets=1000 ] = 0.758
 Average Recall     (AR) @[ IoU=0.50:0.95 | area= large | maxDets=1000 ] = 0.889

2023-02-08 18:40:14,456 - mmdet - INFO - Exp name: mask_rcnn_r50_fpn_2x_ballon.py
2023-02-08 18:40:14,456 - mmdet - INFO - Epoch(val) [22][13]	bbox_mAP: 0.7631, bbox_mAP_50: 0.8964, bbox_mAP_75: 0.8828, bbox_mAP_s: 0.4545, bbox_mAP_m: 0.7033, bbox_mAP_l: 0.8115, bbox_mAP_copypaste: 0.7631 0.8964 0.8828 0.4545 0.7033 0.8115, segm_mAP: 0.7932, segm_mAP_50: 0.8964, segm_mAP_75: 0.8828, segm_mAP_s: 0.4040, segm_mAP_m: 0.6745, segm_mAP_l: 0.8581, segm_mAP_copypaste: 0.7932 0.8964 0.8828 0.4040 0.6745 0.8581
2023-02-08 18:40:24,128 - mmdet - INFO - Evaluating bbox...
2023-02-08 18:40:24,149 - mmdet - INFO - 
 Average Precision  (AP) @[ IoU=0.50:0.95 | area=   all | maxDets=100 ] = 0.768
 Average Precision  (AP) @[ IoU=0.50      | area=   all | maxDets=1000 ] = 0.895
 Average Precision  (AP) @[ IoU=0.75      | area=   all | maxDets=1000 ] = 0.895
 Average Precision  (AP) @[ IoU=0.50:0.95 | area= small | maxDets=1000 ] = 0.454
 Average Precision  (AP) @[ IoU=0.50:0.95 | area=medium | maxDets=1000 ] = 0.703
 Average Precision  (AP) @[ IoU=0.50:0.95 | area= large | maxDets=1000 ] = 0.818
 Average Recall     (AR) @[ IoU=0.50:0.95 | area=   all | maxDets=100 ] = 0.828
 Average Recall     (AR) @[ IoU=0.50:0.95 | area=   all | maxDets=300 ] = 0.828
 Average Recall     (AR) @[ IoU=0.50:0.95 | area=   all | maxDets=1000 ] = 0.828
 Average Recall     (AR) @[ IoU=0.50:0.95 | area= small | maxDets=1000 ] = 0.450
 Average Recall     (AR) @[ IoU=0.50:0.95 | area=medium | maxDets=1000 ] = 0.775
 Average Recall     (AR) @[ IoU=0.50:0.95 | area= large | maxDets=1000 ] = 0.867

2023-02-08 18:40:24,149 - mmdet - INFO - Evaluating segm...
2023-02-08 18:40:24,172 - mmdet - INFO - 
 Average Precision  (AP) @[ IoU=0.50:0.95 | area=   all | maxDets=100 ] = 0.792
 Average Precision  (AP) @[ IoU=0.50      | area=   all | maxDets=1000 ] = 0.895
 Average Precision  (AP) @[ IoU=0.75      | area=   all | maxDets=1000 ] = 0.882
 Average Precision  (AP) @[ IoU=0.50:0.95 | area= small | maxDets=1000 ] = 0.404
 Average Precision  (AP) @[ IoU=0.50:0.95 | area=medium | maxDets=1000 ] = 0.678
 Average Precision  (AP) @[ IoU=0.50:0.95 | area= large | maxDets=1000 ] = 0.856
 Average Recall     (AR) @[ IoU=0.50:0.95 | area=   all | maxDets=100 ] = 0.838
 Average Recall     (AR) @[ IoU=0.50:0.95 | area=   all | maxDets=300 ] = 0.838
 Average Recall     (AR) @[ IoU=0.50:0.95 | area=   all | maxDets=1000 ] = 0.838
 Average Recall     (AR) @[ IoU=0.50:0.95 | area= small | maxDets=1000 ] = 0.400
 Average Recall     (AR) @[ IoU=0.50:0.95 | area=medium | maxDets=1000 ] = 0.758
 Average Recall     (AR) @[ IoU=0.50:0.95 | area= large | maxDets=1000 ] = 0.889

2023-02-08 18:40:24,173 - mmdet - INFO - Exp name: mask_rcnn_r50_fpn_2x_ballon.py
2023-02-08 18:40:24,173 - mmdet - INFO - Epoch(val) [23][13]	bbox_mAP: 0.7677, bbox_mAP_50: 0.8954, bbox_mAP_75: 0.8954, bbox_mAP_s: 0.4545, bbox_mAP_m: 0.7033, bbox_mAP_l: 0.8184, bbox_mAP_copypaste: 0.7677 0.8954 0.8954 0.4545 0.7033 0.8184, segm_mAP: 0.7923, segm_mAP_50: 0.8954, segm_mAP_75: 0.8822, segm_mAP_s: 0.4040, segm_mAP_m: 0.6783, segm_mAP_l: 0.8557, segm_mAP_copypaste: 0.7923 0.8954 0.8822 0.4040 0.6783 0.8557
2023-02-08 18:40:32,525 - mmdet - INFO - Saving checkpoint at 24 epochs
2023-02-08 18:40:34,390 - mmdet - INFO - Evaluating bbox...
2023-02-08 18:40:34,411 - mmdet - INFO - 
 Average Precision  (AP) @[ IoU=0.50:0.95 | area=   all | maxDets=100 ] = 0.772
 Average Precision  (AP) @[ IoU=0.50      | area=   all | maxDets=1000 ] = 0.895
 Average Precision  (AP) @[ IoU=0.75      | area=   all | maxDets=1000 ] = 0.895
 Average Precision  (AP) @[ IoU=0.50:0.95 | area= small | maxDets=1000 ] = 0.454
 Average Precision  (AP) @[ IoU=0.50:0.95 | area=medium | maxDets=1000 ] = 0.699
 Average Precision  (AP) @[ IoU=0.50:0.95 | area= large | maxDets=1000 ] = 0.825
 Average Recall     (AR) @[ IoU=0.50:0.95 | area=   all | maxDets=100 ] = 0.832
 Average Recall     (AR) @[ IoU=0.50:0.95 | area=   all | maxDets=300 ] = 0.832
 Average Recall     (AR) @[ IoU=0.50:0.95 | area=   all | maxDets=1000 ] = 0.832
 Average Recall     (AR) @[ IoU=0.50:0.95 | area= small | maxDets=1000 ] = 0.450
 Average Recall     (AR) @[ IoU=0.50:0.95 | area=medium | maxDets=1000 ] = 0.775
 Average Recall     (AR) @[ IoU=0.50:0.95 | area= large | maxDets=1000 ] = 0.872

2023-02-08 18:40:34,411 - mmdet - INFO - Evaluating segm...
2023-02-08 18:40:34,434 - mmdet - INFO - 
 Average Precision  (AP) @[ IoU=0.50:0.95 | area=   all | maxDets=100 ] = 0.793
 Average Precision  (AP) @[ IoU=0.50      | area=   all | maxDets=1000 ] = 0.895
 Average Precision  (AP) @[ IoU=0.75      | area=   all | maxDets=1000 ] = 0.882
 Average Precision  (AP) @[ IoU=0.50:0.95 | area= small | maxDets=1000 ] = 0.404
 Average Precision  (AP) @[ IoU=0.50:0.95 | area=medium | maxDets=1000 ] = 0.678
 Average Precision  (AP) @[ IoU=0.50:0.95 | area= large | maxDets=1000 ] = 0.856
 Average Recall     (AR) @[ IoU=0.50:0.95 | area=   all | maxDets=100 ] = 0.838
 Average Recall     (AR) @[ IoU=0.50:0.95 | area=   all | maxDets=300 ] = 0.838
 Average Recall     (AR) @[ IoU=0.50:0.95 | area=   all | maxDets=1000 ] = 0.838
 Average Recall     (AR) @[ IoU=0.50:0.95 | area= small | maxDets=1000 ] = 0.400
 Average Recall     (AR) @[ IoU=0.50:0.95 | area=medium | maxDets=1000 ] = 0.758
 Average Recall     (AR) @[ IoU=0.50:0.95 | area= large | maxDets=1000 ] = 0.889

2023-02-08 18:40:34,435 - mmdet - INFO - Exp name: mask_rcnn_r50_fpn_2x_ballon.py
2023-02-08 18:40:34,435 - mmdet - INFO - Epoch(val) [24][13]	bbox_mAP: 0.7717, bbox_mAP_50: 0.8955, bbox_mAP_75: 0.8955, bbox_mAP_s: 0.4545, bbox_mAP_m: 0.6993, bbox_mAP_l: 0.8255, bbox_mAP_copypaste: 0.7717 0.8955 0.8955 0.4545 0.6993 0.8255, segm_mAP: 0.7928, segm_mAP_50: 0.8955, segm_mAP_75: 0.8824, segm_mAP_s: 0.4040, segm_mAP_m: 0.6783, segm_mAP_l: 0.8557, segm_mAP_copypaste: 0.7928 0.8955 0.8824 0.4040 0.6783 0.8557
